[0.9 0.8 2.  0.5 2.  2. ] 40.0 0.0037685778732162315
[0.90000001 0.8        2.         0.5        2.         2.        ] 40.0 0.0037685778801006546
[0.9        0.80000001 2.         0.5        2.         2.        ] 40.0 0.003768577865318424
[0.9        0.8        2.00000001 0.5        2.         2.        ] 40.0 0.0037685778703116504
[0.9        0.8        2.         0.50000001 2.         2.        ] 40.0 0.0037685778602091127
[0.9        0.8        2.         0.5        2.00000001 2.        ] 40.0 0.0037685778695313553
[0.9        0.8        2.         0.5        2.         2.00000001] 40.0 0.0037685778816692194
[0.89931156 0.80078978 2.00029046 0.50130071 2.00036849 1.9991547 ] 40.0 0.0037649232563089436
[0.89931157 0.80078978 2.00029046 0.50130071 2.00036849 1.9991547 ] 40.0 0.003764923263063864
[0.89931156 0.80078979 2.00029046 0.50130071 2.00036849 1.9991547 ] 40.0 0.00376492324864605
[0.89931156 0.80078978 2.00029047 0.50130071 2.00036849 1.9991547 ] 40.0 0.0037649232533083737
[0.89931156 0.80078978 2.00029046 0.50130072 2.00036849 1.9991547 ] 40.0 0.0037649232440902813
[0.89931156 0.80078978 2.00029046 0.50130071 2.0003685  1.9991547 ] 40.0 0.0037649232525256383
[0.89931156 0.80078978 2.00029046 0.50130071 2.00036849 1.99915471] 40.0 0.0037649232645845876
[0.86948527 0.830684   2.02041455 0.53043217 2.02473009 1.96345054] 40.0 0.0036905577140969627
[0.86948528 0.830684   2.02041455 0.53043217 2.02473009 1.96345054] 40.0 0.0036905577168653975
[0.86948527 0.83068401 2.02041455 0.53043217 2.02473009 1.96345054] 40.0 0.003690557712085117
[0.86948527 0.830684   2.02041456 0.53043217 2.02473009 1.96345054] 40.0 0.003690557710382214
[0.86948527 0.830684   2.02041455 0.53043218 2.02473009 1.96345054] 40.0 0.003690557718811601
[0.86948527 0.830684   2.02041455 0.53043217 2.0247301  1.96345054] 40.0 0.0036905577095208155
[0.86948527 0.830684   2.02041455 0.53043217 2.02473009 1.96345055] 40.0 0.0036905577162764623
[0.85045608 0.84823804 2.03761122 0.53079986 2.04598034 1.94421363] 40.0 0.003669598615369277
[0.85045609 0.84823804 2.03761122 0.53079986 2.04598034 1.94421363] 40.0 0.0036695986165338488
[0.85045608 0.84823805 2.03761122 0.53079986 2.04598034 1.94421363] 40.0 0.003669598614007029
[0.85045608 0.84823804 2.03761123 0.53079986 2.04598034 1.94421363] 40.0 0.003669598613267604
[0.85045608 0.84823804 2.03761122 0.53079987 2.04598034 1.94421363] 40.0 0.003669598621141729
[0.85045608 0.84823804 2.03761122 0.53079986 2.04598035 1.94421363] 40.0 0.003669598612453934
[0.85045608 0.84823804 2.03761122 0.53079986 2.04598034 1.94421364] 40.0 0.00366959861472681
[0.8267499  0.88478821 2.05548106 0.51615092 2.07405791 1.94139272] 40.0 0.003650073737331044
[0.82674991 0.88478821 2.05548106 0.51615092 2.07405791 1.94139272] 40.0 0.0036500737377563267
[0.8267499  0.88478822 2.05548106 0.51615092 2.07405791 1.94139272] 40.0 0.0036500737350255805
[0.8267499  0.88478821 2.05548107 0.51615092 2.07405791 1.94139272] 40.0 0.0036500737377347494
[0.8267499  0.88478821 2.05548106 0.51615093 2.07405791 1.94139272] 40.0 0.00365007373881917
[0.8267499  0.88478821 2.05548106 0.51615092 2.07405792 1.94139272] 40.0 0.00365007373702998
[0.8267499  0.88478821 2.05548106 0.51615092 2.07405791 1.94139273] 40.0 0.0036500737350561832
[0.80177742 0.93680602 2.0665828  0.49985364 2.09940945 1.95507971] 40.0 0.003635312355031869
[0.80177743 0.93680602 2.0665828  0.49985364 2.09940945 1.95507971] 40.0 0.0036353123552706626
[0.80177742 0.93680603 2.0665828  0.49985364 2.09940945 1.95507971] 40.0 0.0036353123519644267
[0.80177742 0.93680602 2.06658281 0.49985364 2.09940945 1.95507971] 40.0 0.0036353123571308756
[0.80177742 0.93680602 2.0665828  0.49985365 2.09940945 1.95507971] 40.0 0.003635312352596701
[0.80177742 0.93680602 2.0665828  0.49985364 2.09940946 1.95507971] 40.0 0.003635312356491207
[0.80177742 0.93680602 2.0665828  0.49985364 2.09940945 1.95507972] 40.0 0.003635312352103864
[0.74974684 1.         2.07945539 0.47036876 2.14544508 2.00110505] 40.0 0.0036366858823814996
[0.74974685 1.         2.07945539 0.47036876 2.14544508 2.00110505] 40.0 0.003636685883579438
[0.74974684 0.99999999 2.07945539 0.47036876 2.14544508 2.00110505] 40.0 0.003636685887988105
[0.74974684 1.         2.0794554  0.47036876 2.14544508 2.00110505] 40.0 0.0036366858876313623
[0.74974684 1.         2.07945539 0.47036877 2.14544508 2.00110505] 40.0 0.0036366858671896185
[0.74974684 1.         2.07945539 0.47036876 2.14544509 2.00110505] 40.0 0.0036366858869063315
[0.74974684 1.         2.07945539 0.47036876 2.14544508 2.00110506] 40.0 0.003636685880351861
[0.77744102 0.96636391 2.07260373 0.4860626  2.12094182 1.97660727] 40.0 0.003631126531476518
[0.77744103 0.96636391 2.07260373 0.4860626  2.12094182 1.97660727] 40.0 0.0036311265321253617
[0.77744102 0.96636392 2.07260373 0.4860626  2.12094182 1.97660727] 40.0 0.0036311265271814293
[0.77744102 0.96636391 2.07260374 0.4860626  2.12094182 1.97660727] 40.0 0.0036311265350440435
[0.77744102 0.96636391 2.07260373 0.48606261 2.12094182 1.97660727] 40.0 0.0036311265233213014
[0.77744102 0.96636391 2.07260373 0.4860626  2.12094183 1.97660727] 40.0 0.003631126534389799
[0.77744102 0.96636391 2.07260373 0.4860626  2.12094182 1.97660728] 40.0 0.003631126528935982
[0.75292585 1.         2.07656095 0.4780481  2.14057227 1.99856519] 40.0 0.0036243065234790196
[0.75292586 1.         2.07656095 0.4780481  2.14057227 1.99856519] 40.0 0.003624306524225784
[0.75292585 0.99999999 2.07656095 0.4780481  2.14057227 1.99856519] 40.0 0.003624306528122588
[0.75292585 1.         2.07656096 0.4780481  2.14057227 1.99856519] 40.0 0.003624306527791935
[0.75292585 1.         2.07656095 0.47804811 2.14057227 1.99856519] 40.0 0.0036243065128548097
[0.75292585 1.         2.07656095 0.4780481  2.14057228 1.99856519] 40.0 0.0036243065271200615
[0.75292585 1.         2.07656095 0.4780481  2.14057227 1.9985652 ] 40.0 0.0036243065209420177
[0.75497511 1.         2.06894767 0.48330054 2.13417709 2.00870044] 40.0 0.003612490736351468
[0.75497512 1.         2.06894767 0.48330054 2.13417709 2.00870044] 40.0 0.003612490737228665
[0.75497511 0.99999999 2.06894767 0.48330054 2.13417709 2.00870044] 40.0 0.0036124907404270715
[0.75497511 1.         2.06894768 0.48330054 2.13417709 2.00870044] 40.0 0.0036124907395237976
[0.75497511 1.         2.06894767 0.48330055 2.13417709 2.00870044] 40.0 0.003612490728612367
[0.75497511 1.         2.06894767 0.48330054 2.1341771  2.00870044] 40.0 0.0036124907388739433
[0.75497511 1.         2.06894767 0.48330054 2.13417709 2.00870045] 40.0 0.0036124907342864354
[0.74463618 1.         2.04511338 0.49751631 2.12469908 2.05661105] 40.0 0.0035948820509575903
[0.74463619 1.         2.04511338 0.49751631 2.12469908 2.05661105] 40.0 0.00359488205250642
[0.74463618 0.99999999 2.04511338 0.49751631 2.12469908 2.05661105] 40.0 0.0035948820537294113
[0.74463618 1.         2.04511339 0.49751631 2.12469908 2.05661105] 40.0 0.0035948820508958004
[0.74463618 1.         2.04511338 0.49751632 2.12469908 2.05661105] 40.0 0.003594882049964794
[0.74463618 1.         2.04511338 0.49751631 2.12469909 2.05661105] 40.0 0.0035948820502980997
[0.74463618 1.         2.04511338 0.49751631 2.12469908 2.05661106] 40.0 0.003594882050707319
[0.72437578 1.         2.04124207 0.5009587  2.13422833 2.08007388] 40.0 0.0035904228363014424
[0.72437579 1.         2.04124207 0.5009587  2.13422833 2.08007388] 40.0 0.003590422837955399
[0.72437578 0.99999999 2.04124207 0.5009587  2.13422833 2.08007388] 40.0 0.0035904228389252724
[0.72437578 1.         2.04124208 0.5009587  2.13422833 2.08007388] 40.0 0.0035904228358671804
[0.72437578 1.         2.04124207 0.50095871 2.13422833 2.08007388] 40.0 0.003590422835972813
[0.72437578 1.         2.04124207 0.5009587  2.13422834 2.08007388] 40.0 0.0035904228352783
[0.72437578 1.         2.04124207 0.5009587  2.13422833 2.08007389] 40.0 0.003590422836311652
[0.64333418 1.         2.02575681 0.51472827 2.17234532 2.17392517] 40.0 0.003576612835559245
[0.64333419 1.         2.02575681 0.51472827 2.17234532 2.17392517] 40.0 0.003576612837563771
[0.64333418 0.99999999 2.02575681 0.51472827 2.17234532 2.17392517] 40.0 0.0035766128374803046
[0.64333418 1.         2.02575682 0.51472827 2.17234532 2.17392517] 40.0 0.0035766128336536824
[0.64333418 1.         2.02575681 0.51472828 2.17234532 2.17392517] 40.0 0.003576612838106722
[0.64333418 1.         2.02575681 0.51472827 2.17234533 2.17392517] 40.0 0.0035766128331300336
[0.64333418 1.         2.02575681 0.51472827 2.17234532 2.17392518] 40.0 0.003576612836436485
[0.29463664 1.         1.98959033 0.55813283 2.35550879 2.52679254] 40.0 0.003523486970155088
[0.29463665 1.         1.98959033 0.55813283 2.35550879 2.52679254] 40.0 0.003523486970730962
[0.29463664 0.99999999 1.98959033 0.55813283 2.35550879 2.52679254] 40.0 0.003523486969765014
[0.29463664 1.         1.98959034 0.55813283 2.35550879 2.52679254] 40.0 0.0035234869666106133
[0.29463664 1.         1.98959033 0.55813284 2.35550879 2.52679254] 40.0 0.0035234869806403217
[0.29463664 1.         1.98959033 0.55813283 2.3555088  2.52679254] 40.0 0.003523486966473547
[0.29463664 1.         1.98959033 0.55813283 2.35550879 2.52679255] 40.0 0.0035234869700489662
[1.00000000e-03 1.00000000e+00 1.95627917e+00 5.72978082e-01
 2.65806922e+00 3.06694029e+00] 40.0 0.0034602380076836623
[1.00001000e-03 1.00000000e+00 1.95627917e+00 5.72978082e-01
 2.65806922e+00 3.06694029e+00] 40.0 0.0034602380111640706
[1.00000000e-03 9.99999990e-01 1.95627917e+00 5.72978082e-01
 2.65806922e+00 3.06694029e+00] 40.0 0.003460238008842629
[1.00000000e-03 1.00000000e+00 1.95627918e+00 5.72978082e-01
 2.65806922e+00 3.06694029e+00] 40.0 0.003460238006038041
[1.00000000e-03 1.00000000e+00 1.95627917e+00 5.72978092e-01
 2.65806922e+00 3.06694029e+00] 40.0 0.003460238006780117
[1.00000000e-03 1.00000000e+00 1.95627917e+00 5.72978082e-01
 2.65806923e+00 3.06694029e+00] 40.0 0.0034602380057365146
[1.00000000e-03 1.00000000e+00 1.95627917e+00 5.72978082e-01
 2.65806922e+00 3.06694030e+00] 40.0 0.0034602380097420947
[1.00000000e-03 1.00000000e+00 1.96724308e+00 5.75557723e-01
 2.64786108e+00 3.01971511e+00] 40.0 0.003453914502004738
[1.00001000e-03 1.00000000e+00 1.96724308e+00 5.75557723e-01
 2.64786108e+00 3.01971511e+00] 40.0 0.0034539145036832277
[1.00000000e-03 9.99999990e-01 1.96724308e+00 5.75557723e-01
 2.64786108e+00 3.01971511e+00] 40.0 0.0034539145033699544
[1.00000000e-03 1.00000000e+00 1.96724309e+00 5.75557723e-01
 2.64786108e+00 3.01971511e+00] 40.0 0.00345391450104437
[1.00000000e-03 1.00000000e+00 1.96724308e+00 5.75557733e-01
 2.64786108e+00 3.01971511e+00] 40.0 0.0034539145029782105
[1.00000000e-03 1.00000000e+00 1.96724308e+00 5.75557723e-01
 2.64786109e+00 3.01971511e+00] 40.0 0.003453914500707618
[1.00000000e-03 1.00000000e+00 1.96724308e+00 5.75557723e-01
 2.64786108e+00 3.01971512e+00] 40.0 0.003453914502710951
[1.00000000e-03 1.00000000e+00 1.97615736e+00 5.77344297e-01
 2.66315178e+00 3.01326150e+00] 40.0 0.0034518079262629243
[1.00001000e-03 1.00000000e+00 1.97615736e+00 5.77344297e-01
 2.66315178e+00 3.01326150e+00] 40.0 0.003451807927284489
[1.00000000e-03 9.99999990e-01 1.97615736e+00 5.77344297e-01
 2.66315178e+00 3.01326150e+00] 40.0 0.0034518079280963193
[1.00000000e-03 1.00000000e+00 1.97615737e+00 5.77344297e-01
 2.66315178e+00 3.01326150e+00] 40.0 0.0034518079261046013
[1.00000000e-03 1.00000000e+00 1.97615736e+00 5.77344307e-01
 2.66315178e+00 3.01326150e+00] 40.0 0.00345180792649099
[1.00000000e-03 1.00000000e+00 1.97615736e+00 5.77344297e-01
 2.66315179e+00 3.01326150e+00] 40.0 0.0034518079256498106
[1.00000000e-03 1.00000000e+00 1.97615736e+00 5.77344297e-01
 2.66315178e+00 3.01326151e+00] 40.0 0.0034518079263621344
[1.00000000e-03 1.00000000e+00 1.98131220e+00 5.80228248e-01
 2.68821600e+00 3.02662172e+00] 40.0 0.003450801766454948
[1.00001000e-03 1.00000000e+00 1.98131220e+00 5.80228248e-01
 2.68821600e+00 3.02662172e+00] 40.0 0.00345080176737391
[1.00000000e-03 9.99999990e-01 1.98131220e+00 5.80228248e-01
 2.68821600e+00 3.02662172e+00] 40.0 0.00345080176864594
[1.00000000e-03 1.00000000e+00 1.98131221e+00 5.80228248e-01
 2.68821600e+00 3.02662172e+00] 40.0 0.003450801766848377
[1.00000000e-03 1.00000000e+00 1.98131220e+00 5.80228258e-01
 2.68821600e+00 3.02662172e+00] 40.0 0.003450801765478418
[1.00000000e-03 1.00000000e+00 1.98131220e+00 5.80228248e-01
 2.68821601e+00 3.02662172e+00] 40.0 0.0034508017662877918
[1.00000000e-03 1.00000000e+00 1.98131220e+00 5.80228248e-01
 2.68821600e+00 3.02662173e+00] 40.0 0.0034508017663790608
[1.00000000e-03 1.00000000e+00 1.98454915e+00 5.85193258e-01
 2.71992426e+00 3.04920339e+00] 40.0 0.003449963589778478
[1.00001000e-03 1.00000000e+00 1.98454915e+00 5.85193258e-01
 2.71992426e+00 3.04920339e+00] 40.0 0.003449963590716379
[1.00000000e-03 9.99999990e-01 1.98454915e+00 5.85193258e-01
 2.71992426e+00 3.04920339e+00] 40.0 0.0034499635922298367
[1.00000000e-03 1.00000000e+00 1.98454916e+00 5.85193258e-01
 2.71992426e+00 3.04920339e+00] 40.0 0.003449963590553722
[1.00000000e-03 1.00000000e+00 1.98454915e+00 5.85193268e-01
 2.71992426e+00 3.04920339e+00] 40.0 0.003449963587776843
[1.00000000e-03 1.00000000e+00 1.98454915e+00 5.85193258e-01
 2.71992427e+00 3.04920339e+00] 40.0 0.00344996358990712
[1.00000000e-03 1.00000000e+00 1.98454915e+00 5.85193258e-01
 2.71992426e+00 3.04920340e+00] 40.0 0.0034499635896517765
[1.00000000e-03 1.00000000e+00 1.98880266e+00 5.99334984e-01
 2.79416223e+00 3.10579989e+00] 40.0 0.003448074159641462
[1.00001000e-03 1.00000000e+00 1.98880266e+00 5.99334984e-01
 2.79416223e+00 3.10579989e+00] 40.0 0.0034480741605987636
[1.00000000e-03 9.99999990e-01 1.98880266e+00 5.99334984e-01
 2.79416223e+00 3.10579989e+00] 40.0 0.0034480741624968187
[1.00000000e-03 1.00000000e+00 1.98880267e+00 5.99334984e-01
 2.79416223e+00 3.10579989e+00] 40.0 0.003448074160931717
[1.00000000e-03 1.00000000e+00 1.98880266e+00 5.99334994e-01
 2.79416223e+00 3.10579989e+00] 40.0 0.0034480741561745366
[1.00000000e-03 1.00000000e+00 1.98880266e+00 5.99334984e-01
 2.79416224e+00 3.10579989e+00] 40.0 0.003448074160154324
[1.00000000e-03 1.00000000e+00 1.98880266e+00 5.99334984e-01
 2.79416223e+00 3.10579990e+00] 40.0 0.003448074159468543
[1.00000000e-03 1.00000000e+00 1.99810314e+00 6.51677013e-01
 3.04454218e+00 3.30143119e+00] 40.0 0.0034422909968690454
[1.00001000e-03 1.00000000e+00 1.99810314e+00 6.51677013e-01
 3.04454218e+00 3.30143119e+00] 40.0 0.0034422909978507298
[1.00000000e-03 9.99999990e-01 1.99810314e+00 6.51677013e-01
 3.04454218e+00 3.30143119e+00] 40.0 0.0034422910004168784
[1.00000000e-03 1.00000000e+00 1.99810315e+00 6.51677013e-01
 3.04454218e+00 3.30143119e+00] 40.0 0.003442290999179027
[1.00000000e-03 1.00000000e+00 1.99810314e+00 6.51677023e-01
 3.04454218e+00 3.30143119e+00] 40.0 0.003442290990835456
[1.00000000e-03 1.00000000e+00 1.99810314e+00 6.51677013e-01
 3.04454219e+00 3.30143119e+00] 40.0 0.0034422909980833844
[1.00000000e-03 1.00000000e+00 1.99810314e+00 6.51677013e-01
 3.04454218e+00 3.30143120e+00] 40.0 0.0034422909966039254
[1.00000000e-03 1.00000000e+00 2.00880376e+00 7.61858719e-01
 3.54458396e+00 3.69984499e+00] 40.0 0.0034307761718053234
[1.00001000e-03 1.00000000e+00 2.00880376e+00 7.61858719e-01
 3.54458396e+00 3.69984499e+00] 40.0 0.003430776172837289
[1.00000000e-03 9.99999990e-01 2.00880376e+00 7.61858719e-01
 3.54458396e+00 3.69984499e+00] 40.0 0.0034307761759268408
[1.00000000e-03 1.00000000e+00 2.00880377e+00 7.61858719e-01
 3.54458396e+00 3.69984499e+00] 40.0 0.0034307761750494805
[1.00000000e-03 1.00000000e+00 2.00880376e+00 7.61858729e-01
 3.54458396e+00 3.69984499e+00] 40.0 0.003430776163963552
[1.00000000e-03 1.00000000e+00 2.00880376e+00 7.61858719e-01
 3.54458397e+00 3.69984499e+00] 40.0 0.003430776173545586
[1.00000000e-03 1.00000000e+00 2.00880376e+00 7.61858719e-01
 3.54458396e+00 3.69984500e+00] 40.0 0.003430776171476811
[1.00000000e-03 1.00000000e+00 2.01837380e+00 1.00000000e+00
 4.74035121e+00 4.66077098e+00] 40.0 0.0034378768480256895
[1.00001000e-03 1.00000000e+00 2.01837380e+00 1.00000000e+00
 4.74035121e+00 4.66077098e+00] 40.0 0.0034378768501004174
[1.00000000e-03 9.99999990e-01 2.01837380e+00 1.00000000e+00
 4.74035121e+00 4.66077098e+00] 40.0 0.003437876853628139
[1.00000000e-03 1.00000000e+00 2.01837381e+00 1.00000000e+00
 4.74035121e+00 4.66077098e+00] 40.0 0.003437876852897759
[1.00000000e-03 1.00000000e+00 2.01837380e+00 9.99999990e-01
 4.74035121e+00 4.66077098e+00] 40.0 0.0034378768587067813
[1.00000000e-03 1.00000000e+00 2.01837380e+00 1.00000000e+00
 4.74035122e+00 4.66077098e+00] 40.0 0.0034378768504190436
[1.00000000e-03 1.00000000e+00 2.01837380e+00 1.00000000e+00
 4.74035121e+00 4.66077099e+00] 40.0 0.003437876847804746
[1.00000000e-03 1.00000000e+00 2.01064111e+00 8.07579538e-01
 3.77415969e+00 3.88433347e+00] 40.0 0.0034301404675556443
[1.00001000e-03 1.00000000e+00 2.01064111e+00 8.07579538e-01
 3.77415969e+00 3.88433347e+00] 40.0 0.0034301404688748998
[1.00000000e-03 9.99999990e-01 2.01064111e+00 8.07579538e-01
 3.77415969e+00 3.88433347e+00] 40.0 0.0034301404720084756
[1.00000000e-03 1.00000000e+00 2.01064112e+00 8.07579538e-01
 3.77415969e+00 3.88433347e+00] 40.0 0.0034301404712392463
[1.00000000e-03 1.00000000e+00 2.01064111e+00 8.07579548e-01
 3.77415969e+00 3.88433347e+00] 40.0 0.0034301404586583517
[1.00000000e-03 1.00000000e+00 2.01064111e+00 8.07579538e-01
 3.77415970e+00 3.88433347e+00] 40.0 0.003430140469507576
[1.00000000e-03 1.00000000e+00 2.01064111e+00 8.07579538e-01
 3.77415969e+00 3.88433348e+00] 40.0 0.003430140467296121
[1.00000000e-03 1.00000000e+00 2.01342617e+00 9.31893823e-01
 4.26032879e+00 4.27384115e+00] 40.0 0.003408418191760106
[1.00001000e-03 1.00000000e+00 2.01342617e+00 9.31893823e-01
 4.26032879e+00 4.27384115e+00] 40.0 0.0034084181925982315
[1.00000000e-03 9.99999990e-01 2.01342617e+00 9.31893823e-01
 4.26032879e+00 4.27384115e+00] 40.0 0.003408418195850825
[1.00000000e-03 1.00000000e+00 2.01342618e+00 9.31893823e-01
 4.26032879e+00 4.27384115e+00] 40.0 0.0034084181951260593
[1.00000000e-03 1.00000000e+00 2.01342617e+00 9.31893833e-01
 4.26032879e+00 4.27384115e+00] 40.0 0.003408418184771978
[1.00000000e-03 1.00000000e+00 2.01342617e+00 9.31893823e-01
 4.26032880e+00 4.27384115e+00] 40.0 0.003408418193433505
[1.00000000e-03 1.00000000e+00 2.01342617e+00 9.31893823e-01
 4.26032879e+00 4.27384116e+00] 40.0 0.003408418191408759
[1.00000000e-03 1.00000000e+00 1.99291201e+00 1.00000000e+00
 4.35997267e+00 4.36498083e+00] 40.0 0.0033813310668489227
[1.00001000e-03 1.00000000e+00 1.99291201e+00 1.00000000e+00
 4.35997267e+00 4.36498083e+00] 40.0 0.0033813310668289213
[1.00000000e-03 9.99999990e-01 1.99291201e+00 1.00000000e+00
 4.35997267e+00 4.36498083e+00] 40.0 0.0033813310689774995
[1.00000000e-03 1.00000000e+00 1.99291202e+00 1.00000000e+00
 4.35997267e+00 4.36498083e+00] 40.0 0.003381331068079917
[1.00000000e-03 1.00000000e+00 1.99291201e+00 9.99999990e-01
 4.35997267e+00 4.36498083e+00] 40.0 0.0033813310688876872
[1.00000000e-03 1.00000000e+00 1.99291201e+00 1.00000000e+00
 4.35997268e+00 4.36498083e+00] 40.0 0.0033813310671477925
[1.00000000e-03 1.00000000e+00 1.99291201e+00 1.00000000e+00
 4.35997267e+00 4.36498084e+00] 40.0 0.0033813310667420967
[1.00000000e-03 1.00000000e+00 1.97944777e+00 1.00000000e+00
 4.33316328e+00 4.35238060e+00] 40.0 0.003379920029461131
[1.00001000e-03 1.00000000e+00 1.97944777e+00 1.00000000e+00
 4.33316328e+00 4.35238060e+00] 40.0 0.0033799200296029197
[1.00000000e-03 9.99999990e-01 1.97944777e+00 1.00000000e+00
 4.33316328e+00 4.35238060e+00] 40.0 0.003379920031024693
[1.00000000e-03 1.00000000e+00 1.97944778e+00 1.00000000e+00
 4.33316328e+00 4.35238060e+00] 40.0 0.003379920030030588
[1.00000000e-03 1.00000000e+00 1.97944777e+00 9.99999990e-01
 4.33316328e+00 4.35238060e+00] 40.0 0.003379920030491192
[1.00000000e-03 1.00000000e+00 1.97944777e+00 1.00000000e+00
 4.33316329e+00 4.35238060e+00] 40.0 0.0033799200292808983
[1.00000000e-03 1.00000000e+00 1.97944777e+00 1.00000000e+00
 4.33316328e+00 4.35238061e+00] 40.0 0.003379920029623694
[1.00000000e-03 1.00000000e+00 1.96892103e+00 1.00000000e+00
 4.34219281e+00 4.36071779e+00] 40.0 0.003379387634956527
[1.00001000e-03 1.00000000e+00 1.96892103e+00 1.00000000e+00
 4.34219281e+00 4.36071779e+00] 40.0 0.003379387635295515
[1.00000000e-03 9.99999990e-01 1.96892103e+00 1.00000000e+00
 4.34219281e+00 4.36071779e+00] 40.0 0.0033793876363656947
[1.00000000e-03 1.00000000e+00 1.96892104e+00 1.00000000e+00
 4.34219281e+00 4.36071779e+00] 40.0 0.003379387635331697
[1.00000000e-03 1.00000000e+00 1.96892103e+00 9.99999990e-01
 4.34219281e+00 4.36071779e+00] 40.0 0.0033793876358447703
[1.00000000e-03 1.00000000e+00 1.96892103e+00 1.00000000e+00
 4.34219282e+00 4.36071779e+00] 40.0 0.0033793876346177735
[1.00000000e-03 1.00000000e+00 1.96892103e+00 1.00000000e+00
 4.34219281e+00 4.36071780e+00] 40.0 0.003379387635270999
[1.00000000e-03 1.00000000e+00 1.92661436e+00 1.00000000e+00
 4.39756431e+00 4.39326494e+00] 40.0 0.0033774808891906937
[1.00001000e-03 1.00000000e+00 1.92661436e+00 1.00000000e+00
 4.39756431e+00 4.39326494e+00] 40.0 0.0033774808900495805
[1.00000000e-03 9.99999990e-01 1.92661436e+00 1.00000000e+00
 4.39756431e+00 4.39326494e+00] 40.0 0.0033774808902835886
[1.00000000e-03 1.00000000e+00 1.92661437e+00 1.00000000e+00
 4.39756431e+00 4.39326494e+00] 40.0 0.003377480889134055
[1.00000000e-03 1.00000000e+00 1.92661436e+00 9.99999990e-01
 4.39756431e+00 4.39326494e+00] 40.0 0.003377480889881425
[1.00000000e-03 1.00000000e+00 1.92661436e+00 1.00000000e+00
 4.39756432e+00 4.39326494e+00] 40.0 0.0033774808884927112
[1.00000000e-03 1.00000000e+00 1.92661436e+00 1.00000000e+00
 4.39756431e+00 4.39326495e+00] 40.0 0.003377480889889587
[1.00000000e-03 1.00000000e+00 1.83694775e+00 1.00000000e+00
 4.53312543e+00 4.45435363e+00] 40.0 0.0033738346022337447
[1.00001000e-03 1.00000000e+00 1.83694775e+00 1.00000000e+00
 4.53312543e+00 4.45435363e+00] 40.0 0.003373834603820635
[1.00000000e-03 9.99999990e-01 1.83694775e+00 1.00000000e+00
 4.53312543e+00 4.45435363e+00] 40.0 0.003373834602882422
[1.00000000e-03 1.00000000e+00 1.83694776e+00 1.00000000e+00
 4.53312543e+00 4.45435363e+00] 40.0 0.0033738346015992522
[1.00000000e-03 1.00000000e+00 1.83694775e+00 9.99999990e-01
 4.53312543e+00 4.45435363e+00] 40.0 0.0033738346027724865
[1.00000000e-03 1.00000000e+00 1.83694775e+00 1.00000000e+00
 4.53312544e+00 4.45435363e+00] 40.0 0.0033738346010767388
[1.00000000e-03 1.00000000e+00 1.83694775e+00 1.00000000e+00
 4.53312543e+00 4.45435364e+00] 40.0 0.003373834603456187
[1.00000000e-03 1.00000000e+00 1.65541822e+00 1.00000000e+00
 4.82727944e+00 4.56017160e+00] 40.0 0.003366906396806524
[1.00001000e-03 1.00000000e+00 1.65541822e+00 1.00000000e+00
 4.82727944e+00 4.56017160e+00] 40.0 0.003366906399386205
[1.00000000e-03 9.99999990e-01 1.65541822e+00 1.00000000e+00
 4.82727944e+00 4.56017160e+00] 40.0 0.0033669063966125837
[1.00000000e-03 1.00000000e+00 1.65541823e+00 1.00000000e+00
 4.82727944e+00 4.56017160e+00] 40.0 0.0033669063952176323
[1.00000000e-03 1.00000000e+00 1.65541822e+00 9.99999990e-01
 4.82727944e+00 4.56017160e+00] 40.0 0.003366906397084121
[1.00000000e-03 1.00000000e+00 1.65541822e+00 1.00000000e+00
 4.82727945e+00 4.56017160e+00] 40.0 0.0033669063950017373
[1.00000000e-03 1.00000000e+00 1.65541822e+00 1.00000000e+00
 4.82727944e+00 4.56017161e+00] 40.0 0.003366906398756392
[1.00000000e-03 1.00000000e+00 1.65210786e+00 1.00000000e+00
 4.86156472e+00 4.55609141e+00] 40.0 0.0033611700575819493
[1.00001000e-03 1.00000000e+00 1.65210786e+00 1.00000000e+00
 4.86156472e+00 4.55609141e+00] 40.0 0.003361170059670229
[1.00000000e-03 9.99999990e-01 1.65210786e+00 1.00000000e+00
 4.86156472e+00 4.55609141e+00] 40.0 0.0033611700578514664
[1.00000000e-03 1.00000000e+00 1.65210787e+00 1.00000000e+00
 4.86156472e+00 4.55609141e+00] 40.0 0.00336117005660927
[1.00000000e-03 1.00000000e+00 1.65210786e+00 9.99999990e-01
 4.86156472e+00 4.55609141e+00] 40.0 0.003361170058295575
[1.00000000e-03 1.00000000e+00 1.65210786e+00 1.00000000e+00
 4.86156473e+00 4.55609141e+00] 40.0 0.0033611700562088424
[1.00000000e-03 1.00000000e+00 1.65210786e+00 1.00000000e+00
 4.86156472e+00 4.55609142e+00] 40.0 0.0033611700591432443
[1.00000000e-03 1.00000000e+00 1.61738746e+00 1.00000000e+00
 5.00000000e+00 4.54644300e+00] 40.0 0.0033500592740971172
[1.00001000e-03 1.00000000e+00 1.61738746e+00 1.00000000e+00
 5.00000000e+00 4.54644300e+00] 40.0 0.003350059274632039
[1.00000000e-03 9.99999990e-01 1.61738746e+00 1.00000000e+00
 5.00000000e+00 4.54644300e+00] 40.0 0.0033500592756115447
[1.00000000e-03 1.00000000e+00 1.61738747e+00 1.00000000e+00
 5.00000000e+00 4.54644300e+00] 40.0 0.0033500592748447184
[1.00000000e-03 1.00000000e+00 1.61738746e+00 9.99999990e-01
 5.00000000e+00 4.54644300e+00] 40.0 0.003350059275823657
[1.00000000e-03 1.00000000e+00 1.61738746e+00 1.00000000e+00
 4.99999999e+00 4.54644300e+00] 40.0 0.0033500592742617278
[1.00000000e-03 1.00000000e+00 1.61738746e+00 1.00000000e+00
 5.00000000e+00 4.54644301e+00] 40.0 0.0033500592744845816
[1.00000000e-03 1.00000000e+00 1.58425463e+00 1.00000000e+00
 5.00000000e+00 4.50404464e+00] 40.0 0.0033468863314693184
[1.00001000e-03 1.00000000e+00 1.58425463e+00 1.00000000e+00
 5.00000000e+00 4.50404464e+00] 40.0 0.003346886331352476
[1.00000000e-03 9.99999990e-01 1.58425463e+00 1.00000000e+00
 5.00000000e+00 4.50404464e+00] 40.0 0.0033468863326581444
[1.00000000e-03 1.00000000e+00 1.58425464e+00 1.00000000e+00
 5.00000000e+00 4.50404464e+00] 40.0 0.003346886331875446
[1.00000000e-03 1.00000000e+00 1.58425463e+00 9.99999990e-01
 5.00000000e+00 4.50404464e+00] 40.0 0.0033468863320344684
[1.00000000e-03 1.00000000e+00 1.58425463e+00 1.00000000e+00
 4.99999999e+00 4.50404464e+00] 40.0 0.003346886331773354
[1.00000000e-03 1.00000000e+00 1.58425463e+00 1.00000000e+00
 5.00000000e+00 4.50404465e+00] 40.0 0.0033468863316754496
[0.00885031 1.         1.53955192 1.         5.         4.43760614] 40.0 0.003344999178305423
[0.00885032 1.         1.53955192 1.         5.         4.43760614] 40.0 0.0033449991774994166
[0.00885031 0.99999999 1.53955192 1.         5.         4.43760614] 40.0 0.0033449991789723087
[0.00885031 1.         1.53955193 1.         5.         4.43760614] 40.0 0.003344999178263315
[0.00885031 1.         1.53955192 0.99999999 5.         4.43760614] 40.0 0.0033449991774751687
[0.00885031 1.         1.53955192 1.         4.99999999 4.43760614] 40.0 0.0033449991788043155
[0.00885031 1.         1.53955192 1.         5.         4.43760615] 40.0 0.0033449991783131355
[0.01761192 1.         1.49729933 0.985825   5.         4.37795236] 40.0 0.0033433177806226266
[0.01761193 1.         1.49729933 0.985825   5.         4.37795236] 40.0 0.0033433177797358707
[0.01761192 0.99999999 1.49729933 0.985825   5.         4.37795236] 40.0 0.003343317781149394
[0.01761192 1.         1.49729934 0.985825   5.         4.37795236] 40.0 0.0033433177804936794
[0.01761192 1.         1.49729933 0.98582501 5.         4.37795236] 40.0 0.0033433177817138926
[0.01761192 1.         1.49729933 0.985825   4.99999999 4.37795236] 40.0 0.0033433177811637597
[0.01761192 1.         1.49729933 0.985825   5.         4.37795237] 40.0 0.0033433177805931827
[0.05265836 1.         1.32828896 0.929125   5.         4.13933724] 40.0 0.003338193660165975
[0.05265837 1.         1.32828896 0.929125   5.         4.13933724] 40.0 0.0033381936588899033
[0.05265836 0.99999999 1.32828896 0.929125   5.         4.13933724] 40.0 0.0033381936602924923
[0.05265836 1.         1.32828897 0.929125   5.         4.13933724] 40.0 0.0033381936595808836
[0.05265836 1.         1.32828896 0.92912501 5.         4.13933724] 40.0 0.003338193662379657
[0.05265836 1.         1.32828896 0.929125   4.99999999 4.13933724] 40.0 0.0033381936609321082
[0.05265836 1.         1.32828896 0.929125   5.         4.13933725] 40.0 0.003338193659998347
[0.13370778 1.         1.         0.77728601 5.         3.62479283] 40.0 0.0033252126853332035
[0.13370779 1.         1.         0.77728601 5.         3.62479283] 40.0 0.0033252126847519007
[0.13370778 0.99999999 1.         0.77728601 5.         3.62479283] 40.0 0.003325212685687408
[0.13370778 1.         1.00000001 0.77728601 5.         3.62479283] 40.0 0.0033252126850991633
[0.13370778 1.         1.         0.77728602 5.         3.62479283] 40.0 0.003325212686675093
[0.13370778 1.         1.         0.77728601 4.99999999 3.62479283] 40.0 0.0033252126859751943
[0.13370778 1.         1.         0.77728601 5.         3.62479284] 40.0 0.00332521268517892
[0.24050642 1.         1.         0.51182361 5.         2.80389678] 40.0 0.004135236518547426
[0.24050643 1.         1.         0.51182361 5.         2.80389678] 40.0 0.004135236513262974
[0.24050642 0.99999999 1.         0.51182361 5.         2.80389678] 40.0 0.004135236532865511
[0.24050642 1.         1.00000001 0.51182361 5.         2.80389678] 40.0 0.004135236547699524
[0.24050642 1.         1.         0.51182362 5.         2.80389678] 40.0 0.004135236487069428
[0.24050642 1.         1.         0.51182361 4.99999999 2.80389678] 40.0 0.004135236505624914
[0.24050642 1.         1.         0.51182361 5.         2.80389679] 40.0 0.004135236505934852
[0.13578224 1.         1.         0.77212967 5.         3.60884775] 40.0 0.0033249149217502686
[0.13578225 1.         1.         0.77212967 5.         3.60884775] 40.0 0.003324914921024778
[0.13578224 0.99999999 1.         0.77212967 5.         3.60884775] 40.0 0.0033249149223901608
[0.13578224 1.         1.00000001 0.77212967 5.         3.60884775] 40.0 0.0033249149220234264
[0.13578224 1.         1.         0.77212968 5.         3.60884775] 40.0 0.003324914922718855
[0.13578224 1.         1.         0.77212967 4.99999999 3.60884775] 40.0 0.003324914922124385
[0.13578224 1.         1.         0.77212967 5.         3.60884776] 40.0 0.0033249149213602476
[0.13562063 1.         1.         0.76268651 5.         3.62271071] 40.0 0.0033245218611588512
[0.13562064 1.         1.         0.76268651 5.         3.62271071] 40.0 0.003324521861341424
[0.13562063 0.99999999 1.         0.76268651 5.         3.62271071] 40.0 0.003324521861976775
[0.13562063 1.         1.00000001 0.76268651 5.         3.62271071] 40.0 0.003324521861364659
[0.13562063 1.         1.         0.76268652 5.         3.62271071] 40.0 0.0033245218606907812
[0.13562063 1.         1.         0.76268651 4.99999999 3.62271071] 40.0 0.0033245218616445365
[0.13562063 1.         1.         0.76268651 5.         3.62271072] 40.0 0.003324521861322617
[0.13635615 1.         1.         0.76587133 5.         3.61773906] 40.0 0.003324411001014248
[0.13635616 1.         1.         0.76587133 5.         3.61773906] 40.0 0.0033244110009114057
[0.13635615 0.99999999 1.         0.76587133 5.         3.61773906] 40.0 0.003324411001773297
[0.13635615 1.         1.00000001 0.76587133 5.         3.61773906] 40.0 0.0033244110012375146
[0.13635615 1.         1.         0.76587134 5.         3.61773906] 40.0 0.0033244110010092033
[0.13635615 1.         1.         0.76587133 4.99999999 3.61773906] 40.0 0.0033244110014671933
[0.13635615 1.         1.         0.76587133 5.         3.61773907] 40.0 0.00332441100100536
[0.13707259 1.         1.         0.76606776 5.         3.61680626] 40.0 0.00332440433346373
[0.1370726  1.         1.         0.76606776 5.         3.61680626] 40.0 0.003324404333350838
[0.13707259 0.99999999 1.         0.76606776 5.         3.61680626] 40.0 0.0033244043342288134
[0.13707259 1.         1.00000001 0.76606776 5.         3.61680626] 40.0 0.0033244043336925055
[0.13707259 1.         1.         0.76606777 5.         3.61680626] 40.0 0.003324404333464805
[0.13707259 1.         1.         0.76606776 4.99999999 3.61680626] 40.0 0.003324404333913311
[0.13707259 1.         1.         0.76606776 5.         3.61680627] 40.0 0.0033244043334480257
[0.13993838 1.         1.         0.76685349 5.         3.61307503] 40.0 0.003324379290564247
[0.13993839 1.         1.         0.76685349 5.         3.61307503] 40.0 0.0033243792904321134
[0.13993838 0.99999999 1.         0.76685349 5.         3.61307503] 40.0 0.0033243792913106775
[0.13993838 1.         1.00000001 0.76685349 5.         3.61307503] 40.0 0.0033243792908055738
[0.13993838 1.         1.         0.7668535  5.         3.61307503] 40.0 0.0033243792906003976
[0.13993838 1.         1.         0.76685349 4.99999999 3.61307503] 40.0 0.003324379291005009
[0.13993838 1.         1.         0.76685349 5.         3.61307504] 40.0 0.003324379290526476
[0.16184128 1.         1.         0.77219208 5.         3.58941762] 40.0 0.0033242271498356655
[0.16184129 1.         1.         0.77219208 5.         3.58941762] 40.0 0.00332422714964361
[0.16184128 0.99999999 1.         0.77219208 5.         3.58941762] 40.0 0.0033242271506063047
[0.16184128 1.         1.00000001 0.77219208 5.         3.58941762] 40.0 0.0033242271501174553
[0.16184128 1.         1.         0.77219209 5.         3.58941762] 40.0 0.0033242271499091206
[0.16184128 1.         1.         0.77219208 4.99999999 3.58941762] 40.0 0.003324227150253357
[0.16184128 1.         1.         0.77219208 5.         3.58941763] 40.0 0.003324227149738655
[0.32852014 1.         1.         0.81416965 5.         3.42160372] 40.0 0.003324686419886088
[0.32852015 1.         1.         0.81416965 5.         3.42160372] 40.0 0.003324686419230823
[0.32852014 0.99999999 1.         0.81416965 5.         3.42160372] 40.0 0.0033246864204777697
[0.32852014 1.         1.00000001 0.81416965 5.         3.42160372] 40.0 0.00332468642039141
[0.32852014 1.         1.         0.81416966 5.         3.42160372] 40.0 0.0033246864206123664
[0.32852014 1.         1.         0.81416965 4.99999999 3.42160372] 40.0 0.003324686420149361
[0.32852014 1.         1.         0.81416965 5.         3.42160373] 40.0 0.0033246864192552185
[0.22699684 1.         1.         0.78860131 5.         3.52381837] 40.0 0.0033239280349417386
[0.22699685 1.         1.         0.78860131 5.         3.52381837] 40.0 0.0033239280346499082
[0.22699684 0.99999999 1.         0.78860131 5.         3.52381837] 40.0 0.0033239280356480395
[0.22699684 1.         1.00000001 0.78860131 5.         3.52381837] 40.0 0.0033239280352446252
[0.22699684 1.         1.         0.78860132 5.         3.52381837] 40.0 0.003323928035195714
[0.22699684 1.         1.         0.78860131 4.99999999 3.52381837] 40.0 0.003323928035342456
[0.22699684 1.         1.         0.78860131 5.         3.52381838] 40.0 0.003323928034720067
[0.24042279 1.         1.         0.79145381 5.         3.51475399] 40.0 0.0033238263182092205
[0.2404228  1.         1.         0.79145381 5.         3.51475399] 40.0 0.0033238263180168657
[0.24042279 0.99999999 1.         0.79145381 5.         3.51475399] 40.0 0.0033238263189384974
[0.24042279 1.         1.00000001 0.79145381 5.         3.51475399] 40.0 0.003323826318442889
[0.24042279 1.         1.         0.79145382 5.         3.51475399] 40.0 0.0033238263183498207
[0.24042279 1.         1.         0.79145381 4.99999999 3.51475399] 40.0 0.0033238263186576734
[0.24042279 1.         1.         0.79145381 5.         3.514754  ] 40.0 0.003323826318072773
[0.42671974 1.         1.         0.83421477 5.         3.36527451] 40.0 0.003324545299587581
[0.42671975 1.         1.         0.83421477 5.         3.36527451] 40.0 0.003324545299705499
[0.42671974 0.99999999 1.         0.83421477 5.         3.36527451] 40.0 0.0033245453001481615
[0.42671974 1.         1.00000001 0.83421477 5.         3.36527451] 40.0 0.0033245452995358162
[0.42671974 1.         1.         0.83421478 5.         3.36527451] 40.0 0.003324545299588026
[0.42671974 1.         1.         0.83421477 4.99999999 3.36527451] 40.0 0.003324545300228256
[0.42671974 1.         1.         0.83421477 5.         3.36527452] 40.0 0.0033245452996270687
[0.28063068 1.         1.         0.80068278 5.         3.4824923 ] 40.0 0.0033237817345088644
[0.28063069 1.         1.         0.80068278 5.         3.4824923 ] 40.0 0.0033237817344800528
[0.28063068 0.99999999 1.         0.80068278 5.         3.4824923 ] 40.0 0.0033237817351496677
[0.28063068 1.         1.00000001 0.80068278 5.         3.4824923 ] 40.0 0.0033237817346245535
[0.28063068 1.         1.         0.80068279 5.         3.4824923 ] 40.0 0.0033237817345688273
[0.28063068 1.         1.         0.80068278 4.99999999 3.4824923 ] 40.0 0.003323781735033832
[0.28063068 1.         1.         0.80068278 5.         3.48249231] 40.0 0.0033237817344750407
Converged rates are [0.28063068 1.         1.         0.80068278 5.         3.4824923 ]
