[0.9 0.8 2.  0.5 2.  2. ] 40.0 0.00046873145816494203
[0.90000001 0.8        2.         0.5        2.         2.        ] 40.0 0.0004687314611774166
[0.9        0.80000001 2.         0.5        2.         2.        ] 40.0 0.0004687314329296138
[0.9        0.8        2.00000001 0.5        2.         2.        ] 40.0 0.00046873147561897265
[0.9        0.8        2.         0.50000001 2.         2.        ] 40.0 0.0004687314078441902
[0.9        0.8        2.         0.5        2.00000001 2.        ] 40.0 0.0004687314630830939
[0.9        0.8        2.         0.5        2.         2.00000001] 40.0 0.00046873145869852785
[0.89969875 0.80252353 1.9982546  0.50503208 1.99950818 1.99994664] 40.0 0.0004350089757747641
[0.89969876 0.80252353 1.9982546  0.50503208 1.99950818 1.99994664] 40.0 0.00043500897767560635
[0.89969875 0.80252354 1.9982546  0.50503208 1.99950818 1.99994664] 40.0 0.00043500895264517316
[0.89969875 0.80252353 1.99825461 0.50503208 1.99950818 1.99994664] 40.0 0.0004350089927315109
[0.89969875 0.80252353 1.9982546  0.50503209 1.99950818 1.99994664] 40.0 0.0004350089294840272
[0.89969875 0.80252353 1.9982546  0.50503208 1.99950819 1.99994664] 40.0 0.00043500898056271714
[0.89969875 0.80252353 1.9982546  0.50503208 1.99950818 1.99994665] 40.0 0.0004350089760005884
[0.90964455 0.83269808 1.96227906 0.56786267 1.98921479 2.00345424] 40.0 0.0001952476813669304
[0.90964456 0.83269808 1.96227906 0.56786267 1.98921479 2.00345424] 40.0 0.00019524767240145394
[0.90964455 0.83269809 1.96227906 0.56786267 1.98921479 2.00345424] 40.0 0.00019524768127418215
[0.90964455 0.83269808 1.96227907 0.56786267 1.98921479 2.00345424] 40.0 0.00019524769076822507
[0.90964455 0.83269808 1.96227906 0.56786268 1.98921479 2.00345424] 40.0 0.00019524767845604255
[0.90964455 0.83269808 1.96227906 0.56786267 1.9892148  2.00345424] 40.0 0.000195247684133932
[0.90964455 0.83269808 1.96227906 0.56786267 1.98921479 2.00345425] 40.0 0.00019524767863299004
[0.92578208 0.83694388 1.9418808  0.58117025 1.98325154 2.0084398 ] 40.0 0.0001628003925791191
[0.92578209 0.83694388 1.9418808  0.58117025 1.98325154 2.0084398 ] 40.0 0.0001628003837564519
[0.92578208 0.83694389 1.9418808  0.58117025 1.98325154 2.0084398 ] 40.0 0.00016280039569813322
[0.92578208 0.83694388 1.94188081 0.58117025 1.98325154 2.0084398 ] 40.0 0.00016280039920968953
[0.92578208 0.83694388 1.9418808  0.58117026 1.98325154 2.0084398 ] 40.0 0.00016280039605560032
[0.92578208 0.83694388 1.9418808  0.58117025 1.98325155 2.0084398 ] 40.0 0.0001628003945485601
[0.92578208 0.83694388 1.9418808  0.58117025 1.98325154 2.00843981] 40.0 0.00016280038992857017
[0.97165189 0.83671055 1.89432604 0.59576698 1.96931811 2.0224793 ] 40.0 0.00011685269594703532
[0.9716519  0.83671055 1.89432604 0.59576698 1.96931811 2.0224793 ] 40.0 0.00011685269137505811
[0.97165189 0.83671056 1.89432604 0.59576698 1.96931811 2.0224793 ] 40.0 0.00011685270022230135
[0.97165189 0.83671055 1.89432605 0.59576698 1.96931811 2.0224793 ] 40.0 0.000116852697090074
[0.97165189 0.83671055 1.89432604 0.59576699 1.96931811 2.0224793 ] 40.0 0.00011685270307104317
[0.97165189 0.83671055 1.89432604 0.59576698 1.96931812 2.0224793 ] 40.0 0.00011685269629582639
[0.97165189 0.83671055 1.89432604 0.59576698 1.96931811 2.02247931] 40.0 0.0001168526946622775
[0.9950997  0.82992109 1.87703339 0.59038508 1.96438717 2.02900037] 40.0 0.00010546704164465575
[0.99509971 0.82992109 1.87703339 0.59038508 1.96438717 2.02900037] 40.0 0.00010546704099941637
[0.9950997  0.8299211  1.87703339 0.59038508 1.96438717 2.02900037] 40.0 0.00010546704229077944
[0.9950997  0.82992109 1.8770334  0.59038508 1.96438717 2.02900037] 40.0 0.00010546704159597681
[0.9950997  0.82992109 1.87703339 0.59038509 1.96438717 2.02900037] 40.0 0.0001054670426588412
[0.9950997  0.82992109 1.87703339 0.59038508 1.96438718 2.02900037] 40.0 0.00010546704161009773
[0.9950997  0.82992109 1.87703339 0.59038508 1.96438717 2.02900038] 40.0 0.00010546704158697866
[0.9980381  0.82877099 1.87566151 0.5893486  1.96407006 2.02943811] 40.0 0.00010527658847864926
[0.99803811 0.82877099 1.87566151 0.5893486  1.96407006 2.02943811] 40.0 0.00010527658834740296
[0.9980381  0.828771   1.87566151 0.5893486  1.96407006 2.02943811] 40.0 0.000105276588519249
[0.9980381  0.82877099 1.87566152 0.5893486  1.96407006 2.02943811] 40.0 0.00010527658838117543
[0.9980381  0.82877099 1.87566151 0.58934861 1.96407006 2.02943811] 40.0 0.00010527658841764702
[0.9980381  0.82877099 1.87566151 0.5893486  1.96407007 2.02943811] 40.0 0.0001052765884246748
[0.9980381  0.82877099 1.87566151 0.5893486  1.96407006 2.02943812] 40.0 0.00010527658858048298
[0.99845508 0.82863602 1.87577785 0.58942883 1.96415937 2.02925828] 40.0 0.00010526707879434054
[0.99845509 0.82863602 1.87577785 0.58942883 1.96415937 2.02925828] 40.0 0.00010526707869040403
[0.99845508 0.82863603 1.87577785 0.58942883 1.96415937 2.02925828] 40.0 0.00010526707880439371
[0.99845508 0.82863602 1.87577786 0.58942883 1.96415937 2.02925828] 40.0 0.00010526707869545954
[0.99845508 0.82863602 1.87577785 0.58942884 1.96415937 2.02925828] 40.0 0.00010526707867892603
[0.99845508 0.82863602 1.87577785 0.58942883 1.96415938 2.02925828] 40.0 0.00010526707873970388
[0.99845508 0.82863602 1.87577785 0.58942883 1.96415937 2.02925829] 40.0 0.00010526707890373692
[1.         0.82813594 1.87620888 0.58972606 1.96449027 2.02859202] 40.0 0.00010523979042193579
[0.99999999 0.82813594 1.87620888 0.58972606 1.96449027 2.02859202] 40.0 0.00010523979043300468
[1.         0.82813595 1.87620888 0.58972606 1.96449027 2.02859202] 40.0 0.00010523979031431041
[1.         0.82813594 1.87620889 0.58972606 1.96449027 2.02859202] 40.0 0.00010523979032035769
[1.         0.82813594 1.87620888 0.58972607 1.96449027 2.02859202] 40.0 0.00010523979010269513
[1.         0.82813594 1.87620888 0.58972606 1.96449028 2.02859202] 40.0 0.00010523979036543293
[1.         0.82813594 1.87620888 0.58972606 1.96449027 2.02859203] 40.0 0.00010523979055883759
[1.         0.82791452 1.87733989 0.59003657 1.96498763 2.02776753] 40.0 0.00010521270804221096
[0.99999999 0.82791452 1.87733989 0.59003657 1.96498763 2.02776753] 40.0 0.00010521270812929246
[1.         0.82791453 1.87733989 0.59003657 1.96498763 2.02776753] 40.0 0.00010521270795650908
[1.         0.82791452 1.8773399  0.59003657 1.96498763 2.02776753] 40.0 0.00010521270801535214
[1.         0.82791452 1.87733989 0.59003658 1.96498763 2.02776753] 40.0 0.0001052127077464868
[1.         0.82791452 1.87733989 0.59003657 1.96498764 2.02776753] 40.0 0.00010521270800733753
[1.         0.82791452 1.87733989 0.59003657 1.96498763 2.02776754] 40.0 0.00010521270815162601
[1.         0.82691702 1.87899642 0.59120395 1.96605873 2.02564806] 40.0 0.0001051779105186149
[0.99999999 0.82691702 1.87899642 0.59120395 1.96605873 2.02564806] 40.0 0.00010517791078656105
[1.         0.82691703 1.87899642 0.59120395 1.96605873 2.02564806] 40.0 0.00010517791056836374
[1.         0.82691702 1.87899643 0.59120395 1.96605873 2.02564806] 40.0 0.0001051779105835497
[1.         0.82691702 1.87899642 0.59120396 1.96605873 2.02564806] 40.0 0.00010517791045703593
[1.         0.82691702 1.87899642 0.59120395 1.96605874 2.02564806] 40.0 0.00010517791051118222
[1.         0.82691702 1.87899642 0.59120395 1.96605873 2.02564807] 40.0 0.00010517791056590236
Converged rates are [1.         0.82691702 1.87899642 0.59120395 1.96605873 2.02564806]
