[1. 1. 1. 1. 1. 1.] 20.0 2.8622428494754404
[1.00000001 1.         1.         1.         1.         1.        ] 20.0 2.8622428460007265
[1.         1.00000001 1.         1.         1.         1.        ] 20.0 2.8622428685357075
[1.         1.         1.00000001 1.         1.         1.        ] 20.0 2.862242817754818
[1.         1.         1.         1.00000001 1.         1.        ] 20.0 2.862242888225551
[1.         1.         1.         1.         1.00000001 1.        ] 20.0 2.8622428335574215
[1.         1.         1.         1.         1.         1.00000001] 20.0 2.862242845948061
[1.34747139 0.01       4.17206228 0.01       2.5918019  1.35273793] 140.0 13.726408748682491
[1.3474714  0.01       4.17206228 0.01       2.5918019  1.35273793] 140.0 13.726408748124372
[1.34747139 0.01000001 4.17206228 0.01       2.5918019  1.35273793] 140.0 13.726408555627984
[1.34747139 0.01       4.17206229 0.01       2.5918019  1.35273793] 140.0 13.72640875020333
[1.34747139 0.01       4.17206228 0.01000001 2.5918019  1.35273793] 140.0 13.726407668741821
[1.34747139 0.01       4.17206228 0.01       2.59180191 1.35273793] 140.0 13.726408748957018
[1.34747139 0.01       4.17206228 0.01       2.5918019  1.35273794] 140.0 13.726408755315635
[1.15316448 0.56361059 2.39823674 0.56361059 1.70166211 1.15548596] 40.0 0.13855909739341168
[1.15316449 0.56361059 2.39823674 0.56361059 1.70166211 1.15548596] 40.0 0.1385590975906432
[1.15316448 0.5636106  2.39823674 0.56361059 1.70166211 1.15548596] 40.0 0.1385590927449576
[1.15316448 0.56361059 2.39823675 0.56361059 1.70166211 1.15548596] 40.0 0.13855910008648964
[1.15316448 0.56361059 2.39823674 0.5636106  1.70166211 1.15548596] 40.0 0.1385590890472095
[1.15316448 0.56361059 2.39823674 0.56361059 1.70166212 1.15548596] 40.0 0.1385590986420726
[1.15316448 0.56361059 2.39823674 0.56361059 1.70166211 1.15548597] 40.0 0.13855909763741306
[1.14544648 0.64142488 2.31074157 0.66433126 1.65971723 1.14681527] 40.0 0.08816274994602499
[1.14544649 0.64142488 2.31074157 0.66433126 1.65971723 1.14681527] 40.0 0.08816274740338603
[1.14544648 0.64142489 2.31074157 0.66433126 1.65971723 1.14681527] 40.0 0.08816275199217896
[1.14544648 0.64142488 2.31074158 0.66433126 1.65971723 1.14681527] 40.0 0.08816275165266607
[1.14544648 0.64142488 2.31074157 0.66433127 1.65971723 1.14681527] 40.0 0.08816275358464234
[1.14544648 0.64142488 2.31074157 0.66433126 1.65971724 1.14681527] 40.0 0.08816275067378307
[1.14544648 0.64142488 2.31074157 0.66433126 1.65971723 1.14681528] 40.0 0.08816274727302224
[1.1610292  0.63105423 2.27326009 0.64141672 1.64170072 1.16336156] 40.0 0.06592609265538991
[1.16102921 0.63105423 2.27326009 0.64141672 1.64170072 1.16336156] 40.0 0.06592609089822313
[1.1610292  0.63105424 2.27326009 0.64141672 1.64170072 1.16336156] 40.0 0.06592609344167509
[1.1610292  0.63105423 2.2732601  0.64141672 1.64170072 1.16336156] 40.0 0.06592609438248469
[1.1610292  0.63105423 2.27326009 0.64141673 1.64170072 1.16336156] 40.0 0.06592609412502723
[1.1610292  0.63105423 2.27326009 0.64141672 1.64170073 1.16336156] 40.0 0.06592609339721543
[1.1610292  0.63105423 2.27326009 0.64141672 1.64170072 1.16336157] 40.0 0.065926090768883
[1.21609039 0.63005811 2.07629848 0.59885553 1.54754093 1.22319716] 40.0 0.021966494325795134
[1.2160904  0.63005811 2.07629848 0.59885553 1.54754093 1.22319716] 40.0 0.02196649426961967
[1.21609039 0.63005812 2.07629848 0.59885553 1.54754093 1.22319716] 40.0 0.021966493096172848
[1.21609039 0.63005811 2.07629849 0.59885553 1.54754093 1.22319716] 40.0 0.02196649542836529
[1.21609039 0.63005811 2.07629848 0.59885554 1.54754093 1.22319716] 40.0 0.02196649221623145
[1.21609039 0.63005811 2.07629848 0.59885553 1.54754094 1.22319716] 40.0 0.021966494805581473
[1.21609039 0.63005811 2.07629848 0.59885553 1.54754093 1.22319717] 40.0 0.021966494101113298
[1.24927715 0.651541   1.92735464 0.59969392 1.47694038 1.26303644] 40.0 0.00963443465340488
[1.24927716 0.651541   1.92735464 0.59969392 1.47694038 1.26303644] 40.0 0.009634434979567005
[1.24927715 0.65154101 1.92735464 0.59969392 1.47694038 1.26303644] 40.0 0.009634434038855947
[1.24927715 0.651541   1.92735465 0.59969392 1.47694038 1.26303644] 40.0 0.009634434638594617
[1.24927715 0.651541   1.92735464 0.59969393 1.47694038 1.26303644] 40.0 0.009634433950006623
[1.24927715 0.651541   1.92735464 0.59969392 1.47694039 1.26303644] 40.0 0.00963443465091778
[1.24927715 0.651541   1.92735464 0.59969392 1.47694038 1.26303645] 40.0 0.009634434737174844
[1.2417917  0.66559906 1.93909266 0.60354317 1.48255717 1.26911891] 40.0 0.008731768057244555
[1.24179171 0.66559906 1.93909266 0.60354317 1.48255717 1.26911891] 40.0 0.008731768170882734
[1.2417917  0.66559907 1.93909266 0.60354317 1.48255717 1.26911891] 40.0 0.008731767843423692
[1.2417917  0.66559906 1.93909267 0.60354317 1.48255717 1.26911891] 40.0 0.00873176803834607
[1.2417917  0.66559906 1.93909266 0.60354318 1.48255717 1.26911891] 40.0 0.008731768122452927
[1.2417917  0.66559906 1.93909266 0.60354317 1.48255718 1.26911891] 40.0 0.008731768042852962
[1.2417917  0.66559906 1.93909266 0.60354317 1.48255717 1.26911892] 40.0 0.008731767941670084
[1.23576273 0.67944322 1.94416439 0.60300667 1.4850768  1.27792167] 40.0 0.00837101928738738
[1.23576274 0.67944322 1.94416439 0.60300667 1.4850768  1.27792167] 40.0 0.008371019292256676
[1.23576273 0.67944323 1.94416439 0.60300667 1.4850768  1.27792167] 40.0 0.008371019285474736
[1.23576273 0.67944322 1.9441644  0.60300667 1.4850768  1.27792167] 40.0 0.008371019254520929
[1.23576273 0.67944322 1.94416439 0.60300668 1.4850768  1.27792167] 40.0 0.008371019757635649
[1.23576273 0.67944322 1.94416439 0.60300667 1.48507681 1.27792167] 40.0 0.008371019262625227
[1.23576273 0.67944322 1.94416439 0.60300667 1.4850768  1.27792168] 40.0 0.008371019076854587
[1.22539561 0.70460943 1.94991018 0.59752771 1.48806371 1.29624174] 40.0 0.007814402399838586
[1.22539562 0.70460943 1.94991018 0.59752771 1.48806371 1.29624174] 40.0 0.007814402298018209
[1.22539561 0.70460944 1.94991018 0.59752771 1.48806371 1.29624174] 40.0 0.007814402588826517
[1.22539561 0.70460943 1.94991019 0.59752771 1.48806371 1.29624174] 40.0 0.00781440235940214
[1.22539561 0.70460943 1.94991018 0.59752772 1.48806371 1.29624174] 40.0 0.007814403230224896
[1.22539561 0.70460943 1.94991018 0.59752771 1.48806372 1.29624174] 40.0 0.007814402368803076
[1.22539561 0.70460943 1.94991018 0.59752771 1.48806371 1.29624175] 40.0 0.007814402111435734
[1.19698373 0.77708876 1.95945179 0.57513888 1.49339605 1.35213346] 40.0 0.006365657244516545
[1.19698374 0.77708876 1.95945179 0.57513888 1.49339605 1.35213346] 40.0 0.006365656971896663
[1.19698373 0.77708877 1.95945179 0.57513888 1.49339605 1.35213346] 40.0 0.006365657688392615
[1.19698373 0.77708876 1.9594518  0.57513888 1.49339605 1.35213346] 40.0 0.006365657203341474
[1.19698373 0.77708876 1.95945179 0.57513889 1.49339605 1.35213346] 40.0 0.006365658554659072
[1.19698373 0.77708876 1.95945179 0.57513888 1.49339606 1.35213346] 40.0 0.006365657211340909
[1.19698373 0.77708876 1.95945179 0.57513888 1.49339605 1.35213347] 40.0 0.006365656879383737
[1.14820612 0.91017374 1.96523247 0.52541536 1.49757355 1.45628883] 40.0 0.004084244399795829
[1.14820613 0.91017374 1.96523247 0.52541536 1.49757355 1.45628883] 40.0 0.004084244022372509
[1.14820612 0.91017375 1.96523247 0.52541536 1.49757355 1.45628883] 40.0 0.00408424489958799
[1.14820612 0.91017374 1.96523248 0.52541536 1.49757355 1.45628883] 40.0 0.004084244401512456
[1.14820612 0.91017374 1.96523247 0.52541537 1.49757355 1.45628883] 40.0 0.004084245737376779
[1.14820612 0.91017374 1.96523247 0.52541536 1.49757356 1.45628883] 40.0 0.0040842443875243545
[1.14820612 0.91017374 1.96523247 0.52541536 1.49757355 1.45628884] 40.0 0.004084244088010031
[1.12506943 1.14892464 1.93601121 0.40637058 1.48425099 1.51483993] 40.0 0.005531586990157909
[1.12506944 1.14892464 1.93601121 0.40637058 1.48425099 1.51483993] 40.0 0.005531587388678982
[1.12506943 1.14892465 1.93601121 0.40637058 1.48425099 1.51483993] 40.0 0.005531586380677865
[1.12506943 1.14892464 1.93601122 0.40637058 1.48425099 1.51483993] 40.0 0.00553158728995151
[1.12506943 1.14892464 1.93601121 0.40637059 1.48425099 1.51483993] 40.0 0.005531584691075821
[1.12506943 1.14892464 1.93601121 0.40637058 1.484251   1.51483993] 40.0 0.005531587132061018
[1.12506943 1.14892464 1.93601121 0.40637058 1.48425099 1.51483994] 40.0 0.005531587285769586
[1.1381266  1.01418578 1.9525022  0.4735534  1.49176957 1.48179667] 40.0 0.0027059153043048293
[1.13812661 1.01418578 1.9525022  0.4735534  1.49176957 1.48179667] 40.0 0.0027059151696424044
[1.1381266  1.01418579 1.9525022  0.4735534  1.49176957 1.48179667] 40.0 0.002705915404495377
[1.1381266  1.01418578 1.95250221 0.4735534  1.49176957 1.48179667] 40.0 0.0027059154058053218
[1.1381266  1.01418578 1.9525022  0.47355341 1.49176957 1.48179667] 40.0 0.0027059155178525123
[1.1381266  1.01418578 1.9525022  0.4735534  1.49176958 1.48179667] 40.0 0.0027059153417567294
[1.1381266  1.01418578 1.9525022  0.4735534  1.49176957 1.48179668] 40.0 0.002705915212043425
[1.14450925 1.02992046 1.93262937 0.46411385 1.4822985  1.4806179 ] 40.0 0.002549548476851806
[1.14450926 1.02992046 1.93262937 0.46411385 1.4822985  1.4806179 ] 40.0 0.0025495484912869066
[1.14450925 1.02992047 1.93262937 0.46411385 1.4822985  1.4806179 ] 40.0 0.002549548466936396
[1.14450925 1.02992046 1.93262938 0.46411385 1.4822985  1.4806179 ] 40.0 0.0025495484763458174
[1.14450925 1.02992046 1.93262937 0.46411386 1.4822985  1.4806179 ] 40.0 0.0025495484169767058
[1.14450925 1.02992046 1.93262937 0.46411385 1.48229851 1.4806179 ] 40.0 0.0025495484796729893
[1.14450925 1.02992046 1.93262937 0.46411385 1.4822985  1.48061791] 40.0 0.002549548487232055
[1.14665074 1.01635989 1.93378605 0.47010881 1.48272493 1.47562103] 40.0 0.002541618854931231
[1.14665075 1.01635989 1.93378605 0.47010881 1.48272493 1.47562103] 40.0 0.0025416188439318084
[1.14665074 1.0163599  1.93378605 0.47010881 1.48272493 1.47562103] 40.0 0.002541618883351733
[1.14665074 1.01635989 1.93378606 0.47010881 1.48272493 1.47562103] 40.0 0.002541618842259897
[1.14665074 1.01635989 1.93378605 0.47010882 1.48272493 1.47562103] 40.0 0.002541618928735084
[1.14665074 1.01635989 1.93378605 0.47010881 1.48272494 1.47562103] 40.0 0.0025416188514906543
[1.14665074 1.01635989 1.93378605 0.47010881 1.48272493 1.47562104] 40.0 0.002541618842037546
[1.14618617 1.01851654 1.93440328 0.46893663 1.48299707 1.47606735] 40.0 0.002539669148609035
[1.14618618 1.01851654 1.93440328 0.46893663 1.48299707 1.47606735] 40.0 0.0025396691431446004
[1.14618617 1.01851655 1.93440328 0.46893663 1.48299707 1.47606735] 40.0 0.0025396691630566594
[1.14618617 1.01851654 1.93440329 0.46893663 1.48299707 1.47606735] 40.0 0.002539669146533522
[1.14618617 1.01851654 1.93440328 0.46893664 1.48299707 1.47606735] 40.0 0.002539669177049734
[1.14618617 1.01851654 1.93440328 0.46893663 1.48299708 1.47606735] 40.0 0.0025396691497019154
[1.14618617 1.01851654 1.93440328 0.46893663 1.48299707 1.47606736] 40.0 0.00253966914029288
[1.14617039 1.0182441  1.93443603 0.46893215 1.4829761  1.47610249] 40.0 0.0025392938019610806
[1.1461704  1.0182441  1.93443603 0.46893215 1.4829761  1.47610249] 40.0 0.002539293799279443
[1.14617039 1.01824411 1.93443603 0.46893215 1.4829761  1.47610249] 40.0 0.002539293812279191
[1.14617039 1.0182441  1.93443604 0.46893215 1.4829761  1.47610249] 40.0 0.0025392938009134386
[1.14617039 1.0182441  1.93443603 0.46893216 1.4829761  1.47610249] 40.0 0.0025392938193054106
[1.14617039 1.0182441  1.93443603 0.46893215 1.48297611 1.47610249] 40.0 0.002539293803579538
[1.14617039 1.0182441  1.93443603 0.46893215 1.4829761  1.4761025 ] 40.0 0.0025392937953454733
[1.14570801 1.0160258  1.93486606 0.46954985 1.48300534 1.4770847 ] 40.0 0.0025379682845909253
[1.14570802 1.0160258  1.93486606 0.46954985 1.48300534 1.4770847 ] 40.0 0.002537968288993551
[1.14570801 1.01602581 1.93486606 0.46954985 1.48300534 1.4770847 ] 40.0 0.0025379682838991445
[1.14570801 1.0160258  1.93486607 0.46954985 1.48300534 1.4770847 ] 40.0 0.002537968286393722
[1.14570801 1.0160258  1.93486606 0.46954986 1.48300534 1.4770847 ] 40.0 0.0025379682740797873
[1.14570801 1.0160258  1.93486606 0.46954985 1.48300535 1.4770847 ] 40.0 0.0025379682876145366
[1.14570801 1.0160258  1.93486606 0.46954985 1.48300534 1.47708471] 40.0 0.0025379682819860316
[1.14424134 1.01220524 1.93577905 0.47093789 1.48314585 1.48029602] 40.0 0.00253595547596473
[1.14424135 1.01220524 1.93577905 0.47093789 1.48314585 1.48029602] 40.0 0.0025359554867909776
[1.14424134 1.01220525 1.93577905 0.47093789 1.48314585 1.48029602] 40.0 0.0025359554651033112
[1.14424134 1.01220524 1.93577906 0.47093789 1.48314585 1.48029602] 40.0 0.0025359554801337755
[1.14424134 1.01220524 1.93577905 0.4709379  1.48314585 1.48029602] 40.0 0.002535955440925919
[1.14424134 1.01220524 1.93577905 0.47093789 1.48314586 1.48029602] 40.0 0.002535955480140434
[1.14424134 1.01220524 1.93577905 0.47093789 1.48314585 1.48029603] 40.0 0.0025359554769140116
[1.13891003 1.00230174 1.93859854 0.47501109 1.48367861 1.49203653] 40.0 0.0025305472689449698
[1.13891004 1.00230174 1.93859854 0.47501109 1.48367861 1.49203653] 40.0 0.002530547289964339
[1.13891003 1.00230175 1.93859854 0.47501109 1.48367861 1.49203653] 40.0 0.002530547241957054
[1.13891003 1.00230174 1.93859855 0.47501109 1.48367861 1.49203653] 40.0 0.0025305472766933975
[1.13891003 1.00230174 1.93859854 0.4750111  1.48367861 1.49203653] 40.0 0.0025305471959548996
[1.13891003 1.00230174 1.93859854 0.47501109 1.48367862 1.49203653] 40.0 0.0025305472747734663
[1.13891003 1.00230174 1.93859854 0.47501109 1.48367861 1.49203654] 40.0 0.002530547275490745
[1.1246317  0.98103376 1.94552247 0.48451149 1.48511633 1.52352807] 40.0 0.002519268154674142
[1.12463171 0.98103376 1.94552247 0.48451149 1.48511633 1.52352807] 40.0 0.002519268187832918
[1.1246317  0.98103377 1.94552247 0.48451149 1.48511633 1.52352807] 40.0 0.002519268105704023
[1.1246317  0.98103376 1.94552248 0.48451149 1.48511633 1.52352807] 40.0 0.0025192681688850447
[1.1246317  0.98103376 1.94552247 0.4845115  1.48511633 1.52352807] 40.0 0.0025192680313209843
[1.1246317  0.98103376 1.94552247 0.48451149 1.48511634 1.52352807] 40.0 0.00251926816302637
[1.1246317  0.98103376 1.94552247 0.48451149 1.48511633 1.52352808] 40.0 0.002519268168085816
[1.10208595 0.95400803 1.95524847 0.49764989 1.48714466 1.57369296] 40.0 0.002502821082779944
[1.10208596 0.95400803 1.95524847 0.49764989 1.48714466 1.57369296] 40.0 0.0025028211179571286
[1.10208595 0.95400804 1.95524847 0.49764989 1.48714466 1.57369296] 40.0 0.002502821023737257
[1.10208595 0.95400803 1.95524848 0.49764989 1.48714466 1.57369296] 40.0 0.002502821102762928
[1.10208595 0.95400803 1.95524847 0.4976499  1.48714466 1.57369296] 40.0 0.0025028209378363782
[1.10208595 0.95400803 1.95524847 0.49764989 1.48714467 1.57369296] 40.0 0.00250282109273095
[1.10208595 0.95400803 1.95524847 0.49764989 1.48714466 1.57369297] 40.0 0.002502821098382115
[1.07335398 0.92605117 1.96581137 0.51280269 1.48911027 1.63941672] 40.0 0.0024829723538403875
[1.07335399 0.92605117 1.96581137 0.51280269 1.48911027 1.63941672] 40.0 0.0024829723692682253
[1.07335398 0.92605118 1.96581137 0.51280269 1.48911027 1.63941672] 40.0 0.00248297231916865
[1.07335398 0.92605117 1.96581138 0.51280269 1.48911027 1.63941672] 40.0 0.002482972370129781
[1.07335398 0.92605117 1.96581137 0.5128027  1.48911027 1.63941672] 40.0 0.002482972266820518
[1.07335398 0.92605117 1.96581137 0.51280269 1.48911028 1.63941672] 40.0 0.0024829723611498526
[1.07335398 0.92605117 1.96581137 0.51280269 1.48911027 1.63941673] 40.0 0.002482972361617803
[1.06508162 0.9203197  1.96751539 0.51691533 1.48914656 1.65993611] 40.0 0.0024779418174855597
[1.06508163 0.9203197  1.96751539 0.51691533 1.48914656 1.65993611] 40.0 0.002477941816291055
[1.06508162 0.92031971 1.96751539 0.51691533 1.48914656 1.65993611] 40.0 0.0024779418157208698
[1.06508162 0.9203197  1.9675154  0.51691533 1.48914656 1.65993611] 40.0 0.0024779418179375055
[1.06508162 0.9203197  1.96751539 0.51691534 1.48914656 1.65993611] 40.0 0.002477941809056502
[1.06508162 0.9203197  1.96751539 0.51691533 1.48914657 1.65993611] 40.0 0.002477941818325817
[1.06508162 0.9203197  1.96751539 0.51691533 1.48914656 1.65993612] 40.0 0.0024779418181065413
[1.06532178 0.91890047 1.96752309 0.51755239 1.48915101 1.65966986] 40.0 0.0024777159184827045
[1.06532179 0.91890047 1.96752309 0.51755239 1.48915101 1.65966986] 40.0 0.002477715918121017
[1.06532178 0.91890048 1.96752309 0.51755239 1.48915101 1.65966986] 40.0 0.002477715916886914
[1.06532178 0.91890047 1.9675231  0.51755239 1.48915101 1.65966986] 40.0 0.002477715917217082
[1.06532178 0.91890047 1.96752309 0.5175524  1.48915101 1.65966986] 40.0 0.0024777159134109425
[1.06532178 0.91890047 1.96752309 0.51755239 1.48915102 1.65966986] 40.0 0.0024777159186523358
[1.06532178 0.91890047 1.96752309 0.51755239 1.48915101 1.65966987] 40.0 0.0024777159189842066
[1.06499728 0.91703432 1.96832606 0.51856154 1.48930286 1.66072385] 40.0 0.002477604241587879
[1.06499729 0.91703432 1.96832606 0.51856154 1.48930286 1.66072385] 40.0 0.002477604238184825
[1.06499728 0.91703433 1.96832606 0.51856154 1.48930286 1.66072385] 40.0 0.0024776042427767622
[1.06499728 0.91703432 1.96832607 0.51856154 1.48930286 1.66072385] 40.0 0.0024776042414293045
[1.06499728 0.91703432 1.96832606 0.51856155 1.48930286 1.66072385] 40.0 0.0024776042447527125
[1.06499728 0.91703432 1.96832606 0.51856154 1.48930287 1.66072385] 40.0 0.0024776042420917087
[1.06499728 0.91703432 1.96832606 0.51856154 1.48930286 1.66072386] 40.0 0.0024776042399415167
[1.06535604 0.91740004 1.96819074 0.51839361 1.48926304 1.66010667] 40.0 0.0024775786655025092
[1.06535605 0.91740004 1.96819074 0.51839361 1.48926304 1.66010667] 40.0 0.002477578662705698
[1.06535604 0.91740005 1.96819074 0.51839361 1.48926304 1.66010667] 40.0 0.0024775786663572
[1.06535604 0.91740004 1.96819075 0.51839361 1.48926304 1.66010667] 40.0 0.002477578664828541
[1.06535604 0.91740004 1.96819074 0.51839362 1.48926304 1.66010667] 40.0 0.002477578668061041
[1.06535604 0.91740004 1.96819074 0.51839361 1.48926305 1.66010667] 40.0 0.002477578665825914
[1.06535604 0.91740004 1.96819074 0.51839361 1.48926304 1.66010668] 40.0 0.0024775786641701163
[1.06655016 0.91834153 1.96815952 0.51810908 1.48916769 1.65884765] 40.0 0.0024774533378409814
[1.06655017 0.91834153 1.96815952 0.51810908 1.48916769 1.65884765] 40.0 0.0024774533368337208
[1.06655016 0.91834154 1.96815952 0.51810908 1.48916769 1.65884765] 40.0 0.002477453337710795
[1.06655016 0.91834153 1.96815953 0.51810908 1.48916769 1.65884765] 40.0 0.002477453335737512
[1.06655016 0.91834153 1.96815952 0.51810909 1.48916769 1.65884765] 40.0 0.0024774533386778936
[1.06655016 0.91834153 1.96815952 0.51810908 1.4891677  1.65884765] 40.0 0.0024774533376636207
[1.06655016 0.91834153 1.96815952 0.51810908 1.48916769 1.65884766] 40.0 0.0024774533373769156
[1.06782104 0.91858631 1.96923636 0.51862006 1.48912637 1.66030076] 40.0 0.0024771330698341223
[1.06782105 0.91858631 1.96923636 0.51862006 1.48912637 1.66030076] 40.0 0.0024771330714608224
[1.06782104 0.91858632 1.96923636 0.51862006 1.48912637 1.66030076] 40.0 0.0024771330681182015
[1.06782104 0.91858631 1.96923637 0.51862006 1.48912637 1.66030076] 40.0 0.002477133065617397
[1.06782104 0.91858631 1.96923636 0.51862007 1.48912637 1.66030076] 40.0 0.0024771330680285505
[1.06782104 0.91858631 1.96923636 0.51862006 1.48912638 1.66030076] 40.0 0.002477133068896758
[1.06782104 0.91858631 1.96923636 0.51862006 1.48912637 1.66030077] 40.0 0.0024771330706936517
[1.07152844 0.9191401  1.97373312 0.5206671  1.48913212 1.66676632] 40.0 0.002476197380050237
[1.07152845 0.9191401  1.97373312 0.5206671  1.48913212 1.66676632] 40.0 0.002476197386884812
[1.07152844 0.91914011 1.97373312 0.5206671  1.48913212 1.66676632] 40.0 0.0024761973752552772
[1.07152844 0.9191401  1.97373313 0.5206671  1.48913212 1.66676632] 40.0 0.0024761973717201667
[1.07152844 0.9191401  1.97373312 0.52066711 1.48913212 1.66676632] 40.0 0.002476197372985277
[1.07152844 0.9191401  1.97373312 0.5206671  1.48913213 1.66676632] 40.0 0.0024761973776310617
[1.07152844 0.9191401  1.97373312 0.5206671  1.48913212 1.66676633] 40.0 0.002476197383521219
[1.07819671 0.91879696 1.98533362 0.52630345 1.48940845 1.68545151] 40.0 0.0024740935730045476
[1.07819672 0.91879696 1.98533362 0.52630345 1.48940845 1.68545151] 40.0 0.0024740935861350586
[1.07819671 0.91879697 1.98533362 0.52630345 1.48940845 1.68545151] 40.0 0.0024740935643777556
[1.07819671 0.91879696 1.98533363 0.52630345 1.48940845 1.68545151] 40.0 0.0024740935596213906
[1.07819671 0.91879696 1.98533362 0.52630346 1.48940845 1.68545151] 40.0 0.0024740935596902136
[1.07819671 0.91879696 1.98533362 0.52630345 1.48940846 1.68545151] 40.0 0.002474093568721772
[1.07819671 0.91879696 1.98533362 0.52630345 1.48940845 1.68545152] 40.0 0.002474093579660377
[1.10531151 0.92582794 2.02272752 0.54117231 1.49020152 1.73448928] 40.0 0.0024668991066369166
[1.10531152 0.92582794 2.02272752 0.54117231 1.49020152 1.73448928] 40.0 0.002466899126984272
[1.10531151 0.92582795 2.02272752 0.54117231 1.49020152 1.73448928] 40.0 0.002466899096472854
[1.10531151 0.92582794 2.02272753 0.54117231 1.49020152 1.73448928] 40.0 0.002466899083782555
[1.10531151 0.92582794 2.02272752 0.54117232 1.49020152 1.73448928] 40.0 0.0024668990937437305
[1.10531151 0.92582794 2.02272752 0.54117231 1.49020153 1.73448928] 40.0 0.002466899098844925
[1.10531151 0.92582794 2.02272752 0.54117231 1.49020152 1.73448929] 40.0 0.0024668991169994473
[1.27281362 0.96589301 2.26329529 0.63710418 1.49621736 2.05175895] 40.0 0.0024285237749003736
[1.27281363 0.96589301 2.26329529 0.63710418 1.49621736 2.05175895] 40.0 0.002428523772074276
[1.27281362 0.96589302 2.26329529 0.63710418 1.49621736 2.05175895] 40.0 0.002428523811290856
[1.27281362 0.96589301 2.2632953  0.63710418 1.49621736 2.05175895] 40.0 0.0024285237327423175
[1.27281362 0.96589301 2.26329529 0.63710419 1.49621736 2.05175895] 40.0 0.0024285238762262558
[1.27281362 0.96589301 2.26329529 0.63710418 1.49621737 2.05175895] 40.0 0.0024285237603363166
[1.27281362 0.96589301 2.26329529 0.63710418 1.49621736 2.05175896] 40.0 0.002428523772874175
[1.46506073 1.01523657 2.53114772 0.73986557 1.50322791 2.39029932] 40.0 0.002456647317096182
[1.46506074 1.01523657 2.53114772 0.73986557 1.50322791 2.39029932] 40.0 0.002456647242308846
[1.46506073 1.01523658 2.53114772 0.73986557 1.50322791 2.39029932] 40.0 0.0024566474409700037
[1.46506073 1.01523657 2.53114773 0.73986557 1.50322791 2.39029932] 40.0 0.0024566472949736767
[1.46506073 1.01523657 2.53114772 0.73986558 1.50322791 2.39029932] 40.0 0.002456647589986939
[1.46506073 1.01523657 2.53114772 0.73986557 1.50322792 2.39029932] 40.0 0.0024566473147183574
[1.46506073 1.01523657 2.53114772 0.73986557 1.50322791 2.39029933] 40.0 0.0024566472803436434
[1.3393601  0.98297332 2.3560126  0.67267511 1.49864407 2.16894495] 40.0 0.002419215977366668
[1.33936011 0.98297332 2.3560126  0.67267511 1.49864407 2.16894495] 40.0 0.002419215954664335
[1.3393601  0.98297333 2.3560126  0.67267511 1.49864407 2.16894495] 40.0 0.002419216036277061
[1.3393601  0.98297332 2.35601261 0.67267511 1.49864407 2.16894495] 40.0 0.0024192159415527123
[1.3393601  0.98297332 2.3560126  0.67267512 1.49864407 2.16894495] 40.0 0.002419216124240753
[1.3393601  0.98297332 2.3560126  0.67267511 1.49864408 2.16894495] 40.0 0.0024192159661086633
[1.3393601  0.98297332 2.3560126  0.67267511 1.49864407 2.16894496] 40.0 0.0024192159654353182
[1.40639425 0.97819003 2.46462537 0.72060352 1.50282962 2.31226929] 40.0 0.0023965121760902916
[1.40639426 0.97819003 2.46462537 0.72060352 1.50282962 2.31226929] 40.0 0.002396512165096491
[1.40639425 0.97819004 2.46462537 0.72060352 1.50282962 2.31226929] 40.0 0.002396512195365161
[1.40639425 0.97819003 2.46462538 0.72060352 1.50282962 2.31226929] 40.0 0.0023965121707093693
[1.40639425 0.97819003 2.46462537 0.72060353 1.50282962 2.31226929] 40.0 0.0023965122312459264
[1.40639425 0.97819003 2.46462537 0.72060352 1.50282963 2.31226929] 40.0 0.0023965121757085666
[1.40639425 0.97819003 2.46462537 0.72060352 1.50282962 2.3122693 ] 40.0 0.0023965121670879437
[1.41416338 0.97706974 2.48443565 0.72917791 1.50362019 2.34692314] 40.0 0.0023922029599379147
[1.41416339 0.97706974 2.48443565 0.72917791 1.50362019 2.34692314] 40.0 0.002392202951916218
[1.41416338 0.97706975 2.48443565 0.72917791 1.50362019 2.34692314] 40.0 0.0023922029698272467
[1.41416338 0.97706974 2.48443566 0.72917791 1.50362019 2.34692314] 40.0 0.0023922029614769228
[1.41416338 0.97706974 2.48443565 0.72917792 1.50362019 2.34692314] 40.0 0.0023922029902838753
[1.41416338 0.97706974 2.48443565 0.72917791 1.5036202  2.34692314] 40.0 0.0023922029619295165
[1.41416338 0.97706974 2.48443565 0.72917791 1.50362019 2.34692315] 40.0 0.002392202952659018
[1.41167066 0.97220345 2.50578057 0.73942812 1.50456802 2.40463706] 40.0 0.002385718005881453
[1.41167067 0.97220345 2.50578057 0.73942812 1.50456802 2.40463706] 40.0 0.002385718003099756
[1.41167066 0.97220346 2.50578057 0.73942812 1.50456802 2.40463706] 40.0 0.0023857180011341386
[1.41167066 0.97220345 2.50578058 0.73942812 1.50456802 2.40463706] 40.0 0.002385718015892817
[1.41167066 0.97220345 2.50578057 0.73942813 1.50456802 2.40463706] 40.0 0.0023857179959936663
[1.41167066 0.97220345 2.50578057 0.73942812 1.50456803 2.40463706] 40.0 0.002385718010537769
[1.41167066 0.97220345 2.50578057 0.73942812 1.50456802 2.40463707] 40.0 0.0023857180028300767
[1.44080443 0.97670874 2.56729504 0.76509172 1.5062593  2.51095532] 40.0 0.0023849743281223698
[1.44080444 0.97670874 2.56729504 0.76509172 1.5062593  2.51095532] 40.0 0.002384974308940441
[1.44080443 0.97670875 2.56729504 0.76509172 1.5062593  2.51095532] 40.0 0.0023849743445424243
[1.44080443 0.97670874 2.56729505 0.76509172 1.5062593  2.51095532] 40.0 0.002384974341508645
[1.44080443 0.97670874 2.56729504 0.76509173 1.5062593  2.51095532] 40.0 0.0023849743535338404
[1.44080443 0.97670874 2.56729504 0.76509172 1.50625931 2.51095532] 40.0 0.002384974335014398
[1.44080443 0.97670874 2.56729504 0.76509172 1.5062593  2.51095533] 40.0 0.0023849743191102723
[1.41978178 0.97118658 2.53865406 0.75442803 1.50535712 2.47690391] 40.0 0.0023825370419373612
[1.41978179 0.97118658 2.53865406 0.75442803 1.50535712 2.47690391] 40.0 0.0023825370335149036
[1.41978178 0.97118659 2.53865406 0.75442803 1.50535712 2.47690391] 40.0 0.0023825370455089734
[1.41978178 0.97118658 2.53865407 0.75442803 1.50535712 2.47690391] 40.0 0.0023825370516389623
[1.41978178 0.97118658 2.53865406 0.75442804 1.50535712 2.47690391] 40.0 0.0023825370438492898
[1.41978178 0.97118658 2.53865406 0.75442803 1.50535713 2.47690391] 40.0 0.002382537046744021
[1.41978178 0.97118658 2.53865406 0.75442803 1.50535712 2.47690392] 40.0 0.0023825370379306587
[1.41756076 0.96876752 2.53922228 0.75578978 1.50521977 2.48398396] 40.0 0.002381669896402607
[1.41756077 0.96876752 2.53922228 0.75578978 1.50521977 2.48398396] 40.0 0.0023816698904564077
[1.41756076 0.96876753 2.53922228 0.75578978 1.50521977 2.48398396] 40.0 0.0023816698985992717
[1.41756076 0.96876752 2.53922229 0.75578978 1.50521977 2.48398396] 40.0 0.0023816699030754012
[1.41756076 0.96876752 2.53922228 0.75578979 1.50521977 2.48398396] 40.0 0.00238166989737839
[1.41756076 0.96876752 2.53922228 0.75578978 1.50521978 2.48398396] 40.0 0.002381669899936467
[1.41756076 0.96876752 2.53922228 0.75578978 1.50521977 2.48398397] 40.0 0.002381669893694578
[1.43279682 0.97104485 2.56220031 0.76593128 1.50486718 2.52301539] 40.0 0.002379600256211823
[1.43279683 0.97104485 2.56220031 0.76593128 1.50486718 2.52301539] 40.0 0.0023796002523717922
[1.43279682 0.97104486 2.56220031 0.76593128 1.50486718 2.52301539] 40.0 0.0023796002614832577
[1.43279682 0.97104485 2.56220032 0.76593128 1.50486718 2.52301539] 40.0 0.002379600255242901
[1.43279682 0.97104485 2.56220031 0.76593129 1.50486718 2.52301539] 40.0 0.002379600267508144
[1.43279682 0.97104485 2.56220031 0.76593128 1.50486719 2.52301539] 40.0 0.0023796002568906086
[1.43279682 0.97104485 2.56220031 0.76593128 1.50486718 2.5230154 ] 40.0 0.002379600254726341
[1.46496392 0.97485593 2.61205785 0.7872471  1.50511178 2.60044511] 40.0 0.0023775483484479378
[1.46496393 0.97485593 2.61205785 0.7872471  1.50511178 2.60044511] 40.0 0.0023775483439297785
[1.46496392 0.97485594 2.61205785 0.7872471  1.50511178 2.60044511] 40.0 0.002377548357298947
[1.46496392 0.97485593 2.61205786 0.7872471  1.50511178 2.60044511] 40.0 0.0023775483438847546
[1.46496392 0.97485593 2.61205785 0.78724711 1.50511178 2.60044511] 40.0 0.002377548369504441
[1.46496392 0.97485593 2.61205785 0.7872471  1.50511179 2.60044511] 40.0 0.0023775483479094063
[1.46496392 0.97485593 2.61205785 0.7872471  1.50511178 2.60044512] 40.0 0.0023775483467915566
[1.58855064 0.99140428 2.79744275 0.86495091 1.50634453 2.87749649] 40.0 0.0023804080470573308
[1.58855065 0.99140428 2.79744275 0.86495091 1.50634453 2.87749649] 40.0 0.0023804080264105587
[1.58855064 0.99140429 2.79744275 0.86495091 1.50634453 2.87749649] 40.0 0.00238040808361391
[1.58855064 0.99140428 2.79744276 0.86495091 1.50634453 2.87749649] 40.0 0.0023804080389509385
[1.58855064 0.99140428 2.79744275 0.86495092 1.50634453 2.87749649] 40.0 0.002380408124241153
[1.58855064 0.99140428 2.79744275 0.86495091 1.50634454 2.87749649] 40.0 0.0023804080469405574
[1.58855064 0.99140428 2.79744275 0.86495091 1.50634453 2.8774965 ] 40.0 0.002380408038449316
[1.51286133 0.98126943 2.68390584 0.81736208 1.50558955 2.70781946] 40.0 0.0023762334254551435
[1.51286134 0.98126943 2.68390584 0.81736208 1.50558955 2.70781946] 40.0 0.002376233417284116
[1.51286133 0.98126944 2.68390584 0.81736208 1.50558955 2.70781946] 40.0 0.0023762334415683866
[1.51286133 0.98126943 2.68390585 0.81736208 1.50558955 2.70781946] 40.0 0.00237623341911544
[1.51286133 0.98126943 2.68390584 0.81736209 1.50558955 2.70781946] 40.0 0.002376233462244132
[1.51286133 0.98126943 2.68390584 0.81736208 1.50558956 2.70781946] 40.0 0.0023762334246512896
[1.51286133 0.98126943 2.68390584 0.81736208 1.50558955 2.70781947] 40.0 0.0023762334220818466
[1.51834188 0.98296913 2.68905549 0.81884189 1.50539299 2.71265082] 40.0 0.002375285601398371
[1.51834189 0.98296913 2.68905549 0.81884189 1.50539299 2.71265082] 40.0 0.0023752855969793474
[1.51834188 0.98296914 2.68905549 0.81884189 1.50539299 2.71265082] 40.0 0.0023752856109696906
[1.51834188 0.98296913 2.6890555  0.81884189 1.50539299 2.71265082] 40.0 0.002375285596667212
[1.51834188 0.98296913 2.68905549 0.8188419  1.50539299 2.71265082] 40.0 0.0023752856246109467
[1.51834188 0.98296913 2.68905549 0.81884189 1.505393   2.71265082] 40.0 0.002375285600884676
[1.51834188 0.98296913 2.68905549 0.81884189 1.50539299 2.71265083] 40.0 0.0023752855994711637
[1.52495101 0.98756184 2.69382955 0.81878814 1.50498756 2.7155069 ] 40.0 0.0023744508788496885
[1.52495102 0.98756184 2.69382955 0.81878814 1.50498756 2.7155069 ] 40.0 0.002374450879299152
[1.52495101 0.98756185 2.69382955 0.81878814 1.50498756 2.7155069 ] 40.0 0.0023744508777994904
[1.52495101 0.98756184 2.69382956 0.81878814 1.50498756 2.7155069 ] 40.0 0.0023744508784599573
[1.52495101 0.98756184 2.69382955 0.81878815 1.50498756 2.7155069 ] 40.0 0.002374450877813211
[1.52495101 0.98756184 2.69382955 0.81878814 1.50498757 2.7155069 ] 40.0 0.002374450879492296
[1.52495101 0.98756184 2.69382955 0.81878814 1.50498756 2.71550691] 40.0 0.0023744508790941856
[1.56952387 0.9998546  2.75134935 0.8394932  1.50462101 2.7935879 ] 40.0 0.0023737068011882387
[1.56952388 0.9998546  2.75134935 0.8394932  1.50462101 2.7935879 ] 40.0 0.0023737068030198157
[1.56952387 0.99985461 2.75134935 0.8394932  1.50462101 2.7935879 ] 40.0 0.002373706794306267
[1.56952387 0.9998546  2.75134936 0.8394932  1.50462101 2.7935879 ] 40.0 0.002373706806332039
[1.56952387 0.9998546  2.75134935 0.83949321 1.50462101 2.7935879 ] 40.0 0.0023737067841462112
[1.56952387 0.9998546  2.75134935 0.8394932  1.50462102 2.7935879 ] 40.0 0.0023737068037237006
[1.56952387 0.9998546  2.75134935 0.8394932  1.50462101 2.79358791] 40.0 0.0023737068019338086
[1.60290684 1.00618449 2.79799848 0.85814325 1.50443488 2.86175719] 40.0 0.0023732993843185116
[1.60290685 1.00618449 2.79799848 0.85814325 1.50443488 2.86175719] 40.0 0.0023732993830783682
[1.60290684 1.0061845  2.79799848 0.85814325 1.50443488 2.86175719] 40.0 0.002373299382443855
[1.60290684 1.00618449 2.79799849 0.85814325 1.50443488 2.86175719] 40.0 0.002373299389268908
[1.60290684 1.00618449 2.79799848 0.85814326 1.50443488 2.86175719] 40.0 0.0023732993770699488
[1.60290684 1.00618449 2.79799848 0.85814325 1.50443489 2.86175719] 40.0 0.0023732993870774636
[1.60290684 1.00618449 2.79799848 0.85814325 1.50443488 2.8617572 ] 40.0 0.0023732993837026458
[1.60491052 1.00608407 2.79795726 0.85858925 1.5039962  2.85999666] 40.0 0.0023729517622160584
[1.60491053 1.00608407 2.79795726 0.85858925 1.5039962  2.85999666] 40.0 0.002372951761961133
[1.60491052 1.00608408 2.79795726 0.85858925 1.5039962  2.85999666] 40.0 0.0023729517618238587
[1.60491052 1.00608407 2.79795727 0.85858925 1.5039962  2.85999666] 40.0 0.0023729517632758955
[1.60491052 1.00608407 2.79795726 0.85858926 1.5039962  2.85999666] 40.0 0.0023729517612854547
[1.60491052 1.00608407 2.79795726 0.85858925 1.50399621 2.85999666] 40.0 0.0023729517635234804
[1.60491052 1.00608407 2.79795726 0.85858925 1.5039962  2.85999667] 40.0 0.002372951761912102
[1.60586932 1.00620021 2.79931853 0.85922495 1.50380208 2.86272102] 40.0 0.002372908958790941
[1.60586933 1.00620021 2.79931853 0.85922495 1.50380208 2.86272102] 40.0 0.002372908958971356
[1.60586932 1.00620022 2.79931853 0.85922495 1.50380208 2.86272102] 40.0 0.002372908958307771
[1.60586932 1.00620021 2.79931854 0.85922495 1.50380208 2.86272102] 40.0 0.0023729089590048724
[1.60586932 1.00620021 2.79931853 0.85922496 1.50380208 2.86272102] 40.0 0.0023729089582996674
[1.60586932 1.00620021 2.79931853 0.85922495 1.50380209 2.86272102] 40.0 0.0023729089597551633
[1.60586932 1.00620021 2.79931853 0.85922495 1.50380208 2.86272103] 40.0 0.0023729089587150656
[1.62655303 1.01028599 2.8287023  0.87115332 1.50252991 2.91026613] 40.0 0.0023731526532226373
[1.62655304 1.01028599 2.8287023  0.87115332 1.50252991 2.91026613] 40.0 0.002373152654467732
[1.62655303 1.010286   2.8287023  0.87115332 1.50252991 2.91026613] 40.0 0.002373152654021071
[1.62655303 1.01028599 2.82870231 0.87115332 1.50252991 2.91026613] 40.0 0.0023731526498473672
[1.62655303 1.01028599 2.8287023  0.87115333 1.50252991 2.91026613] 40.0 0.0023731526572555953
[1.62655303 1.01028599 2.8287023  0.87115332 1.50252992 2.91026613] 40.0 0.0023731526528312477
[1.62655303 1.01028599 2.8287023  0.87115332 1.50252991 2.91026614] 40.0 0.002373152653771374
[1.60964455 1.00694595 2.80468172 0.86140214 1.50356988 2.87139906] 40.0 0.00237287239071317
[1.60964456 1.00694595 2.80468172 0.86140214 1.50356988 2.87139906] 40.0 0.0023728723911139713
[1.60964455 1.00694596 2.80468172 0.86140214 1.50356988 2.87139906] 40.0 0.002372872390365037
[1.60964455 1.00694595 2.80468173 0.86140214 1.50356988 2.87139906] 40.0 0.0023728723902730828
[1.60964455 1.00694595 2.80468172 0.86140215 1.50356988 2.87139906] 40.0 0.0023728723908792567
[1.60964455 1.00694595 2.80468172 0.86140214 1.50356989 2.87139906] 40.0 0.0023728723914240037
[1.60964455 1.00694595 2.80468172 0.86140214 1.50356988 2.87139907] 40.0 0.002372872390775705
[1.6328147  1.01195413 2.83744723 0.87437311 1.50231942 2.92320624] 40.0 0.0023730805052229074
[1.63281471 1.01195413 2.83744723 0.87437311 1.50231942 2.92320624] 40.0 0.0023730805058210613
[1.6328147  1.01195414 2.83744723 0.87437311 1.50231942 2.92320624] 40.0 0.0023730805061097943
[1.6328147  1.01195413 2.83744724 0.87437311 1.50231942 2.92320624] 40.0 0.0023730805025636284
[1.6328147  1.01195413 2.83744723 0.87437312 1.50231942 2.92320624] 40.0 0.0023730805088544057
[1.6328147  1.01195413 2.83744723 0.87437311 1.50231943 2.92320624] 40.0 0.00237308050512938
[1.6328147  1.01195413 2.83744723 0.87437311 1.50231942 2.92320625] 40.0 0.002373080505604204
[1.61202291 1.00746003 2.80804501 0.86273358 1.50344152 2.87671693] 40.0 0.0023728709530050876
[1.61202292 1.00746003 2.80804501 0.86273358 1.50344152 2.87671693] 40.0 0.002372870953559356
[1.61202291 1.00746004 2.80804501 0.86273358 1.50344152 2.87671693] 40.0 0.00237287095278652
[1.61202291 1.00746003 2.80804502 0.86273358 1.50344152 2.87671693] 40.0 0.002372870952300916
[1.61202291 1.00746003 2.80804501 0.86273359 1.50344152 2.87671693] 40.0 0.00237287095347486
[1.61202291 1.00746003 2.80804501 0.86273358 1.50344153 2.87671693] 40.0 0.002372870953616701
[1.61202291 1.00746003 2.80804501 0.86273358 1.50344152 2.87671694] 40.0 0.002372870953123781
Converged rates are [1.61202291 1.00746003 2.80804501 0.86273358 1.50344152 2.87671693]
