[1. 1.]
[1.00000001 1.        ]
[1.         1.00000001]
[1.01704793 0.96792509]
[1.01704794 0.96792509]
[1.01704793 0.9679251 ]
[1.32704999 0.01      ]
[1.32705 0.01   ]
[1.32704999 0.01000001]
[1.18532102 0.44795109]
[1.18532103 0.44795109]
[1.18532102 0.4479511 ]
[1.20670147 0.15352453]
[1.20670148 0.15352453]
[1.20670147 0.15352454]
[1.19206292 0.3551094 ]
[1.19206293 0.3551094 ]
[1.19206292 0.35510941]
[1.19253935 0.34352626]
[1.19253936 0.34352626]
[1.19253935 0.34352627]
[1.19249013 0.34588496]
[1.19249014 0.34588496]
[1.19249013 0.34588497]
Converged rates are [1.19249013 0.34588496]
