[1. 1.]
[1.00000001 1.        ]
[1.         1.00000001]
[1.01893023 0.97992547]
[1.01893024 0.97992547]
[1.01893023 0.97992548]
[1.45468083 0.05910486]
[1.45468084 0.05910486]
[1.45468083 0.05910487]
[1.18283847 0.63355742]
[1.18283848 0.63355742]
[1.18283847 0.63355743]
[1.3194585 0.01     ]
[1.31945851 0.01      ]
[1.3194585  0.01000001]
[1.24196086 0.36371262]
[1.24196087 0.36371262]
[1.24196086 0.36371263]
[1.24919896 0.30549365]
[1.24919897 0.30549365]
[1.24919896 0.30549366]
[1.24715261 0.32933746]
[1.24715262 0.32933746]
[1.24715261 0.32933747]
[1.24783952 0.32809984]
[1.24783953 0.32809984]
[1.24783952 0.32809985]
[1.24871545 0.32801675]
[1.24871546 0.32801675]
[1.24871545 0.32801676]
[1.25485029 0.32894525]
[1.2548503  0.32894525]
[1.25485029 0.32894526]
[1.26880915 0.3327342 ]
[1.26880916 0.3327342 ]
[1.26880915 0.33273421]
[1.30263483 0.34408265]
[1.30263484 0.34408265]
[1.30263483 0.34408266]
[1.3596478  0.36577626]
[1.35964781 0.36577626]
[1.3596478  0.36577627]
[1.41931596 0.39218237]
[1.41931597 0.39218237]
[1.41931596 0.39218238]
[1.43605258 0.40085743]
[1.43605259 0.40085743]
[1.43605258 0.40085744]
[1.4336639  0.40048586]
[1.43366391 0.40048586]
[1.4336639  0.40048587]
Converged rates are [1.4336639  0.40048586]
