[1. 1.]
[1.00000001 1.        ]
[1.         1.00000001]
[1.02186   0.9886469]
[1.02186001 0.9886469 ]
[1.02186    0.98864691]
[1.41367522 0.67105549]
[1.41367523 0.67105549]
[1.41367522 0.6710555 ]
[1.52225163 0.52540466]
[1.52225164 0.52540466]
[1.52225163 0.52540467]
[1.53416002 0.50532663]
[1.53416003 0.50532663]
[1.53416002 0.50532664]
[1.53304461 0.50594721]
[1.53304462 0.50594721]
[1.53304461 0.50594722]
[1.53195427 0.50555789]
[1.53195428 0.50555789]
[1.53195427 0.5055579 ]
[1.52494092 0.50128286]
[1.52494093 0.50128286]
[1.52494092 0.50128287]
[1.51168136 0.49111657]
[1.51168137 0.49111657]
[1.51168136 0.49111658]
[1.47916904 0.46320834]
[1.47916905 0.46320834]
[1.47916904 0.46320835]
[1.44998334 0.43501629]
[1.44998335 0.43501629]
[1.44998334 0.4350163 ]
[1.43989663 0.4222626 ]
[1.43989664 0.4222626 ]
[1.43989663 0.42226261]
[1.4443665  0.42523546]
[1.44436651 0.42523546]
[1.4443665  0.42523547]
Converged rates are [1.4443665  0.42523546]
